{"uid":"1d756bba54daee84","name":"test_topupsaldo_success","fullName":"src.tests.test_topupsaldo#test_topupsaldo_success","historyId":"df2ceb00f61e7c4f65e8f4d7f46ad13b","time":{"start":1726739563781,"stop":1726739574690,"duration":10909},"status":"failed","statusMessage":"Failed: terdapat error selama pengujian yaitu: Message: \nStacktrace:\nNoSuchElementError: An element could not be located on the page using the given search parameters.\n    at AndroidUiautomator2Driver.findElOrEls (/Users/kevin/.appium/node_modules/appium-uiautomator2-driver/node_modules/appium-android-driver/lib/commands/find.ts:86:11)\n    at processTicksAndRejections (node:internal/process/task_queues:95:5)\n    at AndroidUiautomator2Driver.findElOrElsWithProcessing (/usr/local/lib/node_modules/appium/node_modules/@appium/base-driver/lib/basedriver/commands/find.ts:60:12)\n    at AndroidUiautomator2Driver.findElement (/usr/local/lib/node_modules/appium/node_modules/@appium/base-driver/lib/basedriver/commands/find.ts:75:12)","statusTrace":"driver = <appium.webdriver.webdriver.WebDriver (session=\"adff5b17-fd42-44b8-b62a-e936af31ba8d\")>\n\n    @pytest.mark.usefixtures(\"driver\")\n    @pytest.mark.run(order=3)\n    def test_topupsaldo_success(driver):\n            topupsaldo_page=TopUpSaldoPage(driver)\n            try:\n                logging.info('Mulai pengujian topup saldo')\n                topupsaldo_page.click_menu_topupsaldo\n                topupsaldo_page.click_pilih_list_payment\n                topupsaldo_page.click_pilih_list_payment\n>               topupsaldo_page.input_nominal('1')\n\nsrc/tests/test_topupsaldo.py:17: \n_ _ _ _ _ _ _ _ _ _ _ _ _ _ _ _ _ _ _ _ _ _ _ _ _ _ _ _ _ _ _ _ _ _ _ _ _ _ _ _ _ _ _ _ _ _ _ _ _ _ _ _ _ _ _ _ _ _ _ _ _ _ _ _ _ _ _ _ _ _ _ _ _ _ _ _ _ _ _\n\nself = <pages.topupsaldo_page.TopUpSaldoPage object at 0x10388fbe0>, nominal = '1'\n\n    def input_nominal(self, nominal):\n>       input_nominal = WebDriverWait(self.driver, 10).until(EC.element_to_be_clickable((AppiumBy.ID, 'com.mkpmobile.retail.mitramint:id/textInputan')))\n\nsrc/pages/topupsaldo_page.py:26: \n_ _ _ _ _ _ _ _ _ _ _ _ _ _ _ _ _ _ _ _ _ _ _ _ _ _ _ _ _ _ _ _ _ _ _ _ _ _ _ _ _ _ _ _ _ _ _ _ _ _ _ _ _ _ _ _ _ _ _ _ _ _ _ _ _ _ _ _ _ _ _ _ _ _ _ _ _ _ _\n\nself = <selenium.webdriver.support.wait.WebDriverWait (session=\"adff5b17-fd42-44b8-b62a-e936af31ba8d\")>\nmethod = <function element_to_be_clickable.<locals>._predicate at 0x1038e11b0>, message = ''\n\n    def until(self, method: Callable[[D], Union[Literal[False], T]], message: str = \"\") -> T:\n        \"\"\"Calls the method provided with the driver as an argument until the \\\n        return value does not evaluate to ``False``.\n    \n        :param method: callable(WebDriver)\n        :param message: optional message for :exc:`TimeoutException`\n        :returns: the result of the last call to `method`\n        :raises: :exc:`selenium.common.exceptions.TimeoutException` if timeout occurs\n        \"\"\"\n        screen = None\n        stacktrace = None\n    \n        end_time = time.monotonic() + self._timeout\n        while True:\n            try:\n                value = method(self._driver)\n                if value:\n                    return value\n            except self._ignored_exceptions as exc:\n                screen = getattr(exc, \"screen\", None)\n                stacktrace = getattr(exc, \"stacktrace\", None)\n            time.sleep(self._poll)\n            if time.monotonic() > end_time:\n                break\n>       raise TimeoutException(message, screen, stacktrace)\nE       selenium.common.exceptions.TimeoutException: Message: \nE       Stacktrace:\nE       NoSuchElementError: An element could not be located on the page using the given search parameters.\nE           at AndroidUiautomator2Driver.findElOrEls (/Users/kevin/.appium/node_modules/appium-uiautomator2-driver/node_modules/appium-android-driver/lib/commands/find.ts:86:11)\nE           at processTicksAndRejections (node:internal/process/task_queues:95:5)\nE           at AndroidUiautomator2Driver.findElOrElsWithProcessing (/usr/local/lib/node_modules/appium/node_modules/@appium/base-driver/lib/basedriver/commands/find.ts:60:12)\nE           at AndroidUiautomator2Driver.findElement (/usr/local/lib/node_modules/appium/node_modules/@appium/base-driver/lib/basedriver/commands/find.ts:75:12)\n\nvenv/lib/python3.10/site-packages/selenium/webdriver/support/wait.py:105: TimeoutException\n\nDuring handling of the above exception, another exception occurred:\n\ndriver = <appium.webdriver.webdriver.WebDriver (session=\"adff5b17-fd42-44b8-b62a-e936af31ba8d\")>\n\n    @pytest.mark.usefixtures(\"driver\")\n    @pytest.mark.run(order=3)\n    def test_topupsaldo_success(driver):\n            topupsaldo_page=TopUpSaldoPage(driver)\n            try:\n                logging.info('Mulai pengujian topup saldo')\n                topupsaldo_page.click_menu_topupsaldo\n                topupsaldo_page.click_pilih_list_payment\n                topupsaldo_page.click_pilih_list_payment\n                topupsaldo_page.input_nominal('1')\n                topupsaldo_page.click_button_lanjut()\n                topupsaldo_page.click_button_lanjut_inquiry()\n                topupsaldo_page.wait_for_qris()\n                topupsaldo_page.wait_for_payment_success()\n                topupsaldo_page.click_button_print_struk()\n                topupsaldo_page.click_button_back()\n                topupsaldo_page.click_button_back_home()\n                topupsaldo_page.wait_for_home_page()\n                logging.info('Topup saldo berhasil')\n            except Exception as e:\n                logging.error(f'Terdapat error selama pengujian yaitu: {e}')\n>               pytest.fail(f'terdapat error selama pengujian yaitu: {e}')\nE               Failed: terdapat error selama pengujian yaitu: Message: \nE               Stacktrace:\nE               NoSuchElementError: An element could not be located on the page using the given search parameters.\nE                   at AndroidUiautomator2Driver.findElOrEls (/Users/kevin/.appium/node_modules/appium-uiautomator2-driver/node_modules/appium-android-driver/lib/commands/find.ts:86:11)\nE                   at processTicksAndRejections (node:internal/process/task_queues:95:5)\nE                   at AndroidUiautomator2Driver.findElOrElsWithProcessing (/usr/local/lib/node_modules/appium/node_modules/@appium/base-driver/lib/basedriver/commands/find.ts:60:12)\nE                   at AndroidUiautomator2Driver.findElement (/usr/local/lib/node_modules/appium/node_modules/@appium/base-driver/lib/basedriver/commands/find.ts:75:12)\n\nsrc/tests/test_topupsaldo.py:29: Failed","flaky":false,"newFailed":false,"newBroken":false,"newPassed":false,"retriesCount":0,"retriesStatusChange":false,"beforeStages":[{"name":"driver","time":{"start":1726739530543,"stop":1726739544435,"duration":13892},"status":"passed","steps":[],"attachments":[],"parameters":[],"shouldDisplayMessage":false,"stepsCount":0,"attachmentsCount":0,"hasContent":false,"attachmentStep":false}],"testStage":{"status":"failed","statusMessage":"Failed: terdapat error selama pengujian yaitu: Message: \nStacktrace:\nNoSuchElementError: An element could not be located on the page using the given search parameters.\n    at AndroidUiautomator2Driver.findElOrEls (/Users/kevin/.appium/node_modules/appium-uiautomator2-driver/node_modules/appium-android-driver/lib/commands/find.ts:86:11)\n    at processTicksAndRejections (node:internal/process/task_queues:95:5)\n    at AndroidUiautomator2Driver.findElOrElsWithProcessing (/usr/local/lib/node_modules/appium/node_modules/@appium/base-driver/lib/basedriver/commands/find.ts:60:12)\n    at AndroidUiautomator2Driver.findElement (/usr/local/lib/node_modules/appium/node_modules/@appium/base-driver/lib/basedriver/commands/find.ts:75:12)","statusTrace":"driver = <appium.webdriver.webdriver.WebDriver (session=\"adff5b17-fd42-44b8-b62a-e936af31ba8d\")>\n\n    @pytest.mark.usefixtures(\"driver\")\n    @pytest.mark.run(order=3)\n    def test_topupsaldo_success(driver):\n            topupsaldo_page=TopUpSaldoPage(driver)\n            try:\n                logging.info('Mulai pengujian topup saldo')\n                topupsaldo_page.click_menu_topupsaldo\n                topupsaldo_page.click_pilih_list_payment\n                topupsaldo_page.click_pilih_list_payment\n>               topupsaldo_page.input_nominal('1')\n\nsrc/tests/test_topupsaldo.py:17: \n_ _ _ _ _ _ _ _ _ _ _ _ _ _ _ _ _ _ _ _ _ _ _ _ _ _ _ _ _ _ _ _ _ _ _ _ _ _ _ _ _ _ _ _ _ _ _ _ _ _ _ _ _ _ _ _ _ _ _ _ _ _ _ _ _ _ _ _ _ _ _ _ _ _ _ _ _ _ _\n\nself = <pages.topupsaldo_page.TopUpSaldoPage object at 0x10388fbe0>, nominal = '1'\n\n    def input_nominal(self, nominal):\n>       input_nominal = WebDriverWait(self.driver, 10).until(EC.element_to_be_clickable((AppiumBy.ID, 'com.mkpmobile.retail.mitramint:id/textInputan')))\n\nsrc/pages/topupsaldo_page.py:26: \n_ _ _ _ _ _ _ _ _ _ _ _ _ _ _ _ _ _ _ _ _ _ _ _ _ _ _ _ _ _ _ _ _ _ _ _ _ _ _ _ _ _ _ _ _ _ _ _ _ _ _ _ _ _ _ _ _ _ _ _ _ _ _ _ _ _ _ _ _ _ _ _ _ _ _ _ _ _ _\n\nself = <selenium.webdriver.support.wait.WebDriverWait (session=\"adff5b17-fd42-44b8-b62a-e936af31ba8d\")>\nmethod = <function element_to_be_clickable.<locals>._predicate at 0x1038e11b0>, message = ''\n\n    def until(self, method: Callable[[D], Union[Literal[False], T]], message: str = \"\") -> T:\n        \"\"\"Calls the method provided with the driver as an argument until the \\\n        return value does not evaluate to ``False``.\n    \n        :param method: callable(WebDriver)\n        :param message: optional message for :exc:`TimeoutException`\n        :returns: the result of the last call to `method`\n        :raises: :exc:`selenium.common.exceptions.TimeoutException` if timeout occurs\n        \"\"\"\n        screen = None\n        stacktrace = None\n    \n        end_time = time.monotonic() + self._timeout\n        while True:\n            try:\n                value = method(self._driver)\n                if value:\n                    return value\n            except self._ignored_exceptions as exc:\n                screen = getattr(exc, \"screen\", None)\n                stacktrace = getattr(exc, \"stacktrace\", None)\n            time.sleep(self._poll)\n            if time.monotonic() > end_time:\n                break\n>       raise TimeoutException(message, screen, stacktrace)\nE       selenium.common.exceptions.TimeoutException: Message: \nE       Stacktrace:\nE       NoSuchElementError: An element could not be located on the page using the given search parameters.\nE           at AndroidUiautomator2Driver.findElOrEls (/Users/kevin/.appium/node_modules/appium-uiautomator2-driver/node_modules/appium-android-driver/lib/commands/find.ts:86:11)\nE           at processTicksAndRejections (node:internal/process/task_queues:95:5)\nE           at AndroidUiautomator2Driver.findElOrElsWithProcessing (/usr/local/lib/node_modules/appium/node_modules/@appium/base-driver/lib/basedriver/commands/find.ts:60:12)\nE           at AndroidUiautomator2Driver.findElement (/usr/local/lib/node_modules/appium/node_modules/@appium/base-driver/lib/basedriver/commands/find.ts:75:12)\n\nvenv/lib/python3.10/site-packages/selenium/webdriver/support/wait.py:105: TimeoutException\n\nDuring handling of the above exception, another exception occurred:\n\ndriver = <appium.webdriver.webdriver.WebDriver (session=\"adff5b17-fd42-44b8-b62a-e936af31ba8d\")>\n\n    @pytest.mark.usefixtures(\"driver\")\n    @pytest.mark.run(order=3)\n    def test_topupsaldo_success(driver):\n            topupsaldo_page=TopUpSaldoPage(driver)\n            try:\n                logging.info('Mulai pengujian topup saldo')\n                topupsaldo_page.click_menu_topupsaldo\n                topupsaldo_page.click_pilih_list_payment\n                topupsaldo_page.click_pilih_list_payment\n                topupsaldo_page.input_nominal('1')\n                topupsaldo_page.click_button_lanjut()\n                topupsaldo_page.click_button_lanjut_inquiry()\n                topupsaldo_page.wait_for_qris()\n                topupsaldo_page.wait_for_payment_success()\n                topupsaldo_page.click_button_print_struk()\n                topupsaldo_page.click_button_back()\n                topupsaldo_page.click_button_back_home()\n                topupsaldo_page.wait_for_home_page()\n                logging.info('Topup saldo berhasil')\n            except Exception as e:\n                logging.error(f'Terdapat error selama pengujian yaitu: {e}')\n>               pytest.fail(f'terdapat error selama pengujian yaitu: {e}')\nE               Failed: terdapat error selama pengujian yaitu: Message: \nE               Stacktrace:\nE               NoSuchElementError: An element could not be located on the page using the given search parameters.\nE                   at AndroidUiautomator2Driver.findElOrEls (/Users/kevin/.appium/node_modules/appium-uiautomator2-driver/node_modules/appium-android-driver/lib/commands/find.ts:86:11)\nE                   at processTicksAndRejections (node:internal/process/task_queues:95:5)\nE                   at AndroidUiautomator2Driver.findElOrElsWithProcessing (/usr/local/lib/node_modules/appium/node_modules/@appium/base-driver/lib/basedriver/commands/find.ts:60:12)\nE                   at AndroidUiautomator2Driver.findElement (/usr/local/lib/node_modules/appium/node_modules/@appium/base-driver/lib/basedriver/commands/find.ts:75:12)\n\nsrc/tests/test_topupsaldo.py:29: Failed","steps":[],"attachments":[{"uid":"1f391fb43bbde3b2","name":"log","source":"1f391fb43bbde3b2.txt","type":"text/plain","size":772}],"parameters":[],"shouldDisplayMessage":true,"stepsCount":0,"attachmentsCount":1,"hasContent":true,"attachmentStep":false},"afterStages":[{"name":"driver::0","time":{"start":1726739574883,"stop":1726739575555,"duration":672},"status":"passed","steps":[],"attachments":[],"parameters":[],"shouldDisplayMessage":false,"stepsCount":0,"attachmentsCount":0,"hasContent":false,"attachmentStep":false}],"labels":[{"name":"tag","value":"run(order=3)"},{"name":"tag","value":"@pytest.mark.usefixtures('driver')"},{"name":"parentSuite","value":"src.tests"},{"name":"suite","value":"test_topupsaldo"},{"name":"host","value":"macbooks-MacBook-Air.local"},{"name":"thread","value":"90682-MainThread"},{"name":"framework","value":"pytest"},{"name":"language","value":"cpython3"},{"name":"package","value":"src.tests.test_topupsaldo"},{"name":"resultFormat","value":"allure2"}],"parameters":[],"links":[],"hidden":true,"retry":true,"extra":{"categories":[],"tags":["run(order=3)","@pytest.mark.usefixtures('driver')"]},"source":"1d756bba54daee84.json","parameterValues":[]}