{"uid":"34aaba925d19e412","name":"test_payment_credit","fullName":"src.tests.test_poskasir#test_payment_credit","historyId":"7ff890e6267eb357b043b8b9e92548b6","time":{"start":1727253796605,"stop":1727253830179,"duration":33574},"status":"failed","statusMessage":"Failed: terdapat error selama pengujian yaitu: Message: An unknown server-side error occurred while processing the command. Original error: Could not proxy command to the remote server. Original error: socket hang up\nStacktrace:\nUnknownError: An unknown server-side error occurred while processing the command. Original error: Could not proxy command to the remote server. Original error: socket hang up\n    at UIA2Proxy.command (/usr/local/lib/node_modules/appium/node_modules/@appium/base-driver/lib/jsonwp-proxy/proxy.js:350:13)\n    at processTicksAndRejections (node:internal/process/task_queues:95:5)\n    at AndroidUiautomator2Driver.doFindElementOrEls (/Users/kevin/.appium/node_modules/appium-uiautomator2-driver/lib/commands/find.js:40:5)\n    at doFind (/Users/kevin/.appium/node_modules/appium-uiautomator2-driver/node_modules/appium-android-driver/lib/commands/find.ts:47:17)\n    at wrappedCondFn (/usr/local/lib/node_modules/appium/node_modules/@appium/base-driver/lib/basedriver/commands/timeout.ts:137:14)\n    at spin (/usr/local/lib/node_modules/appium/node_modules/asyncbox/lib/asyncbox.js:219:20)\n    at waitForCondition (/usr/local/lib/node_modules/appium/node_modules/asyncbox/lib/asyncbox.js:236:10)\n    at AndroidUiautomator2Driver.implicitWaitForCondition (/usr/local/lib/node_modules/appium/node_modules/@appium/base-driver/lib/basedriver/commands/timeout.ts:139:12)\n    at AndroidUiautomator2Driver.findElOrEls (/Users/kevin/.appium/node_modules/appium-uiautomator2-driver/node_modules/appium-android-driver/lib/commands/find.ts:70:5)\n    at AndroidUiautomator2Driver.findElOrElsWithProcessing (/usr/local/lib/node_modules/appium/node_modules/@appium/base-driver/lib/basedriver/commands/find.ts:60:12)\n    at AndroidUiautomator2Driver.findElement (/usr/local/lib/node_modules/appium/node_modules/@appium/base-driver/lib/basedriver/commands/find.ts:75:12)","statusTrace":"driver = <appium.webdriver.webdriver.WebDriver (session=\"6f565bb7-63af-4fe1-930d-20cfaba99ac5\")>\n\n    @pytest.mark.usefixtures('driver')\n    @pytest.mark.run(order=4)\n    # def test_payment_tunai(driver):\n    #     tunai = PaymentTunai(driver)\n    #     try:\n    #         logging.info('Mulai pengujian pembayaran tunai')\n    #         tunai.click_menu_poskasir()\n    #         tunai.search_product('Kopi')\n    #         tunai.button_add_product()\n    #         tunai.button_checkout_product()\n    #         tunai.button_add_discount()\n    #         tunai.add_nominal_discount('500')\n    #         tunai.button_confirm_discount()\n    #         tunai.button_note_product()\n    #         tunai.add_note_product('less sugar')\n    #         driver.back()\n    #         tunai.button_save_note()\n    #         tunai.click_next_checkout()\n    #         tunai.payment_tunai()\n    #         tunai.button_bayar_payment()\n    #         tunai.button_confirm_payment_tunai()\n    #         tunai.button_bayar_tunai()\n    #         tunai.success_page()\n    #         time.sleep(10)\n    #         tunai.reprint_struk()\n    #         time.sleep(10)\n    #         tunai.button_back()\n    #         tunai.poskasir_page()\n    #         logging.info(\"Pembayaran tunai berhasil\")\n    #     except Exception as e :\n    #         logging.error(f'Terdapat error selama pengujian yaitu: {e}')\n    #         pytest.fail(f'terdapat error selama pengujian yaitu: {e}')\n    \n    # def test_payment_debit(driver):\n    #     debit = PaymentDebit(driver)\n    #     try:\n    #         logging.info('Mulai pengujian pembayaran debit')\n    #         debit.search_product('Kopi')\n    #         debit.button_add_product()\n    #         debit.button_checkout_product()\n    #         debit.click_next_checkout()\n    #         debit.payment_debit()\n    #         debit.button_bayar_payment()\n    #         debit.button_confirm_payment_debit()\n    #         debit.insert_card_page()\n    #         time.sleep(15)\n    #         debit.confirm_payment_debit()\n    #         time.sleep(15)\n    #         debit.input_PIN_debit()\n    #         time.sleep(30)\n    #         debit.success_page()\n    #         time.sleep(10)\n    #         debit.reprint_struk()\n    #         time.sleep(10)\n    #         debit.button_back()\n    #         debit.poskasir_page()\n    #         logging.info(\"Pembayaran debit berhasil\")\n    #     except Exception as e :\n    #         logging.error(f'Terdapat error selama pengujian yaitu: {e}')\n    #         pytest.fail(f'terdapat error selama pengujian yaitu: {e}')\n    \n    def test_payment_credit(driver):\n        credit = PaymentCredit(driver)\n        try:\n            logging.info('Mulai pengujian pembayaran credit')\n            credit.click_menu_poskasir()\n            credit.search_product('Kopi')\n            credit.button_add_product()\n            credit.button_checkout_product()\n            credit.click_next_checkout()\n            credit.scroll_to_text(\"CREDIT CARD\")\n            credit.button_bayar_payment()\n            credit.button_confirm_payment_credit()\n            credit.insert_card_page()\n            credit.confirm_payment_credit()\n            credit.input_PIN_credit()\n            credit.success_page()\n>           credit.reprint_struk()\n\nsrc/tests/test_poskasir.py:86: \n_ _ _ _ _ _ _ _ _ _ _ _ _ _ _ _ _ _ _ _ _ _ _ _ _ _ _ _ _ _ _ _ _ _ _ _ _ _ _ _ _ _ _ _ _ _ _ _ _ _ _ _ _ _ _ _ _ _ _ _ _ _ _ _ _ _ _ _ _ _ _ _ _ _ _ _ _ _ _\n\nself = <pages.poskasir_page.PaymentCredit object at 0x10fdffc40>\n\n    def reprint_struk(self):\n>       button_reprint_struk = WebDriverWait(self.driver, 10).until(EC.element_to_be_clickable((AppiumBy.ID, 'com.mkpmobile.retail.mitramint:id/btnLanjut')))\n\nsrc/pages/poskasir_page.py:64: \n_ _ _ _ _ _ _ _ _ _ _ _ _ _ _ _ _ _ _ _ _ _ _ _ _ _ _ _ _ _ _ _ _ _ _ _ _ _ _ _ _ _ _ _ _ _ _ _ _ _ _ _ _ _ _ _ _ _ _ _ _ _ _ _ _ _ _ _ _ _ _ _ _ _ _ _ _ _ _\n\nself = <selenium.webdriver.support.wait.WebDriverWait (session=\"6f565bb7-63af-4fe1-930d-20cfaba99ac5\")>\nmethod = <function element_to_be_clickable.<locals>._predicate at 0x10fdf2680>, message = ''\n\n    def until(self, method: Callable[[D], Union[Literal[False], T]], message: str = \"\") -> T:\n        \"\"\"Calls the method provided with the driver as an argument until the \\\n        return value does not evaluate to ``False``.\n    \n        :param method: callable(WebDriver)\n        :param message: optional message for :exc:`TimeoutException`\n        :returns: the result of the last call to `method`\n        :raises: :exc:`selenium.common.exceptions.TimeoutException` if timeout occurs\n        \"\"\"\n        screen = None\n        stacktrace = None\n    \n        end_time = time.monotonic() + self._timeout\n        while True:\n            try:\n>               value = method(self._driver)\n\nvenv/lib/python3.10/site-packages/selenium/webdriver/support/wait.py:96: \n_ _ _ _ _ _ _ _ _ _ _ _ _ _ _ _ _ _ _ _ _ _ _ _ _ _ _ _ _ _ _ _ _ _ _ _ _ _ _ _ _ _ _ _ _ _ _ _ _ _ _ _ _ _ _ _ _ _ _ _ _ _ _ _ _ _ _ _ _ _ _ _ _ _ _ _ _ _ _\n\ndriver = <appium.webdriver.webdriver.WebDriver (session=\"6f565bb7-63af-4fe1-930d-20cfaba99ac5\")>\n\n    def _predicate(driver: WebDriverOrWebElement):\n        target = mark\n        if not isinstance(target, WebElement):  # if given locator instead of WebElement\n>           target = driver.find_element(*target)  # grab element at locator\n\nvenv/lib/python3.10/site-packages/selenium/webdriver/support/expected_conditions.py:363: \n_ _ _ _ _ _ _ _ _ _ _ _ _ _ _ _ _ _ _ _ _ _ _ _ _ _ _ _ _ _ _ _ _ _ _ _ _ _ _ _ _ _ _ _ _ _ _ _ _ _ _ _ _ _ _ _ _ _ _ _ _ _ _ _ _ _ _ _ _ _ _ _ _ _ _ _ _ _ _\n\nself = <appium.webdriver.webdriver.WebDriver (session=\"6f565bb7-63af-4fe1-930d-20cfaba99ac5\")>, by = 'id'\nvalue = 'com.mkpmobile.retail.mitramint:id/btnLanjut'\n\n    def find_element(self, by: str = AppiumBy.ID, value: Union[str, Dict, None] = None) -> MobileWebElement:\n        \"\"\"\n        Find an element given a AppiumBy strategy and locator\n    \n        Args:\n            by: The strategy\n            value: The locator\n    \n        Usage:\n            driver.find_element(by=AppiumBy.ACCESSIBILITY_ID, value='accessibility_id')\n    \n        Returns:\n            `appium.webdriver.webelement.WebElement`: The found element\n    \n        \"\"\"\n        # We prefer to patch locators in the client code\n        # Checking current context every time a locator is accessed could significantly slow down tests\n        # Check https://github.com/appium/python-client/pull/724 before submitting any issue\n        # if by == By.ID:\n        #     by = By.CSS_SELECTOR\n        #     value = '[id=\"%s\"]' % value\n        # elif by == By.TAG_NAME:\n        #     by = By.CSS_SELECTOR\n        # elif by == By.CLASS_NAME:\n        #     by = By.CSS_SELECTOR\n        #     value = \".%s\" % value\n        # elif by == By.NAME:\n        #     by = By.CSS_SELECTOR\n        #     value = '[name=\"%s\"]' % value\n    \n>       return self.execute(RemoteCommand.FIND_ELEMENT, {'using': by, 'value': value})['value']\n\nvenv/lib/python3.10/site-packages/appium/webdriver/webdriver.py:382: \n_ _ _ _ _ _ _ _ _ _ _ _ _ _ _ _ _ _ _ _ _ _ _ _ _ _ _ _ _ _ _ _ _ _ _ _ _ _ _ _ _ _ _ _ _ _ _ _ _ _ _ _ _ _ _ _ _ _ _ _ _ _ _ _ _ _ _ _ _ _ _ _ _ _ _ _ _ _ _\n\nself = <appium.webdriver.webdriver.WebDriver (session=\"6f565bb7-63af-4fe1-930d-20cfaba99ac5\")>, driver_command = 'findElement'\nparams = {'using': 'id', 'value': 'com.mkpmobile.retail.mitramint:id/btnLanjut'}\n\n    def execute(self, driver_command: str, params: dict = None) -> dict:\n        \"\"\"Sends a command to be executed by a command.CommandExecutor.\n    \n        :Args:\n         - driver_command: The name of the command to execute as a string.\n         - params: A dictionary of named parameters to send with the command.\n    \n        :Returns:\n          The command's JSON response loaded into a dictionary object.\n        \"\"\"\n        params = self._wrap_value(params)\n    \n        if self.session_id:\n            if not params:\n                params = {\"sessionId\": self.session_id}\n            elif \"sessionId\" not in params:\n                params[\"sessionId\"] = self.session_id\n    \n        response = self.command_executor.execute(driver_command, params)\n        if response:\n>           self.error_handler.check_response(response)\n\nvenv/lib/python3.10/site-packages/selenium/webdriver/remote/webdriver.py:354: \n_ _ _ _ _ _ _ _ _ _ _ _ _ _ _ _ _ _ _ _ _ _ _ _ _ _ _ _ _ _ _ _ _ _ _ _ _ _ _ _ _ _ _ _ _ _ _ _ _ _ _ _ _ _ _ _ _ _ _ _ _ _ _ _ _ _ _ _ _ _ _ _ _ _ _ _ _ _ _\n\nself = <appium.webdriver.errorhandler.MobileErrorHandler object at 0x10fdfea70>\nresponse = {'status': 500, 'value': '{\"value\":{\"error\":\"unknown error\",\"message\":\"An unknown server-side error occurred while pro...lement (/usr/local/lib/node_modules/appium/node_modules/@appium/base-driver/lib/basedriver/commands/find.ts:75:12)\"}}'}\n\n    def check_response(self, response: Dict[str, Any]) -> None:\n        \"\"\"\n        https://www.w3.org/TR/webdriver/#errors\n        \"\"\"\n        payload = response.get('value', '')\n        if isinstance(payload, dict):\n            payload_dict = payload\n        else:\n            try:\n                payload_dict = json.loads(payload)\n            except (json.JSONDecodeError, TypeError):\n                return\n            if not isinstance(payload_dict, dict):\n                return\n        value = payload_dict.get('value')\n        if not isinstance(value, dict):\n            return\n        error = value.get('error')\n        if not error:\n            return\n    \n        message = value.get('message', error)\n        stacktrace = value.get('stacktrace', '')\n        # In theory, we should also be checking HTTP status codes.\n        # Java client, for example, prints a warning if the actual `error`\n        # value does not match to the response's HTTP status code.\n        exception_class: Type[sel_exceptions.WebDriverException] = ERROR_TO_EXC_MAPPING.get(\n            error, sel_exceptions.WebDriverException\n        )\n        if exception_class is sel_exceptions.WebDriverException and message:\n            if message == 'No such context found.':\n                exception_class = appium_exceptions.NoSuchContextException\n            elif message == 'That command could not be executed in the current context.':\n                exception_class = appium_exceptions.InvalidSwitchToTargetException\n    \n        if exception_class is sel_exceptions.UnexpectedAlertPresentException:\n            raise sel_exceptions.UnexpectedAlertPresentException(\n                msg=message,\n                stacktrace=format_stacktrace(stacktrace),\n                alert_text=value.get('data'),\n            )\n>       raise exception_class(msg=message, stacktrace=format_stacktrace(stacktrace))\nE       selenium.common.exceptions.WebDriverException: Message: An unknown server-side error occurred while processing the command. Original error: Could not proxy command to the remote server. Original error: socket hang up\nE       Stacktrace:\nE       UnknownError: An unknown server-side error occurred while processing the command. Original error: Could not proxy command to the remote server. Original error: socket hang up\nE           at UIA2Proxy.command (/usr/local/lib/node_modules/appium/node_modules/@appium/base-driver/lib/jsonwp-proxy/proxy.js:350:13)\nE           at processTicksAndRejections (node:internal/process/task_queues:95:5)\nE           at AndroidUiautomator2Driver.doFindElementOrEls (/Users/kevin/.appium/node_modules/appium-uiautomator2-driver/lib/commands/find.js:40:5)\nE           at doFind (/Users/kevin/.appium/node_modules/appium-uiautomator2-driver/node_modules/appium-android-driver/lib/commands/find.ts:47:17)\nE           at wrappedCondFn (/usr/local/lib/node_modules/appium/node_modules/@appium/base-driver/lib/basedriver/commands/timeout.ts:137:14)\nE           at spin (/usr/local/lib/node_modules/appium/node_modules/asyncbox/lib/asyncbox.js:219:20)\nE           at waitForCondition (/usr/local/lib/node_modules/appium/node_modules/asyncbox/lib/asyncbox.js:236:10)\nE           at AndroidUiautomator2Driver.implicitWaitForCondition (/usr/local/lib/node_modules/appium/node_modules/@appium/base-driver/lib/basedriver/commands/timeout.ts:139:12)\nE           at AndroidUiautomator2Driver.findElOrEls (/Users/kevin/.appium/node_modules/appium-uiautomator2-driver/node_modules/appium-android-driver/lib/commands/find.ts:70:5)\nE           at AndroidUiautomator2Driver.findElOrElsWithProcessing (/usr/local/lib/node_modules/appium/node_modules/@appium/base-driver/lib/basedriver/commands/find.ts:60:12)\nE           at AndroidUiautomator2Driver.findElement (/usr/local/lib/node_modules/appium/node_modules/@appium/base-driver/lib/basedriver/commands/find.ts:75:12)\n\nvenv/lib/python3.10/site-packages/appium/webdriver/errorhandler.py:125: WebDriverException\n\nDuring handling of the above exception, another exception occurred:\n\ndriver = <appium.webdriver.webdriver.WebDriver (session=\"6f565bb7-63af-4fe1-930d-20cfaba99ac5\")>\n\n    @pytest.mark.usefixtures('driver')\n    @pytest.mark.run(order=4)\n    # def test_payment_tunai(driver):\n    #     tunai = PaymentTunai(driver)\n    #     try:\n    #         logging.info('Mulai pengujian pembayaran tunai')\n    #         tunai.click_menu_poskasir()\n    #         tunai.search_product('Kopi')\n    #         tunai.button_add_product()\n    #         tunai.button_checkout_product()\n    #         tunai.button_add_discount()\n    #         tunai.add_nominal_discount('500')\n    #         tunai.button_confirm_discount()\n    #         tunai.button_note_product()\n    #         tunai.add_note_product('less sugar')\n    #         driver.back()\n    #         tunai.button_save_note()\n    #         tunai.click_next_checkout()\n    #         tunai.payment_tunai()\n    #         tunai.button_bayar_payment()\n    #         tunai.button_confirm_payment_tunai()\n    #         tunai.button_bayar_tunai()\n    #         tunai.success_page()\n    #         time.sleep(10)\n    #         tunai.reprint_struk()\n    #         time.sleep(10)\n    #         tunai.button_back()\n    #         tunai.poskasir_page()\n    #         logging.info(\"Pembayaran tunai berhasil\")\n    #     except Exception as e :\n    #         logging.error(f'Terdapat error selama pengujian yaitu: {e}')\n    #         pytest.fail(f'terdapat error selama pengujian yaitu: {e}')\n    \n    # def test_payment_debit(driver):\n    #     debit = PaymentDebit(driver)\n    #     try:\n    #         logging.info('Mulai pengujian pembayaran debit')\n    #         debit.search_product('Kopi')\n    #         debit.button_add_product()\n    #         debit.button_checkout_product()\n    #         debit.click_next_checkout()\n    #         debit.payment_debit()\n    #         debit.button_bayar_payment()\n    #         debit.button_confirm_payment_debit()\n    #         debit.insert_card_page()\n    #         time.sleep(15)\n    #         debit.confirm_payment_debit()\n    #         time.sleep(15)\n    #         debit.input_PIN_debit()\n    #         time.sleep(30)\n    #         debit.success_page()\n    #         time.sleep(10)\n    #         debit.reprint_struk()\n    #         time.sleep(10)\n    #         debit.button_back()\n    #         debit.poskasir_page()\n    #         logging.info(\"Pembayaran debit berhasil\")\n    #     except Exception as e :\n    #         logging.error(f'Terdapat error selama pengujian yaitu: {e}')\n    #         pytest.fail(f'terdapat error selama pengujian yaitu: {e}')\n    \n    def test_payment_credit(driver):\n        credit = PaymentCredit(driver)\n        try:\n            logging.info('Mulai pengujian pembayaran credit')\n            credit.click_menu_poskasir()\n            credit.search_product('Kopi')\n            credit.button_add_product()\n            credit.button_checkout_product()\n            credit.click_next_checkout()\n            credit.scroll_to_text(\"CREDIT CARD\")\n            credit.button_bayar_payment()\n            credit.button_confirm_payment_credit()\n            credit.insert_card_page()\n            credit.confirm_payment_credit()\n            credit.input_PIN_credit()\n            credit.success_page()\n            credit.reprint_struk()\n            credit.button_back()\n            credit.poskasir_page()\n            logging.info(\"Pembayaran credit berhasil\")\n        except Exception as e :\n            logging.error(f'Terdapat error selama pengujian yaitu: {e}')\n>           pytest.fail(f'terdapat error selama pengujian yaitu: {e}')\nE           Failed: terdapat error selama pengujian yaitu: Message: An unknown server-side error occurred while processing the command. Original error: Could not proxy command to the remote server. Original error: socket hang up\nE           Stacktrace:\nE           UnknownError: An unknown server-side error occurred while processing the command. Original error: Could not proxy command to the remote server. Original error: socket hang up\nE               at UIA2Proxy.command (/usr/local/lib/node_modules/appium/node_modules/@appium/base-driver/lib/jsonwp-proxy/proxy.js:350:13)\nE               at processTicksAndRejections (node:internal/process/task_queues:95:5)\nE               at AndroidUiautomator2Driver.doFindElementOrEls (/Users/kevin/.appium/node_modules/appium-uiautomator2-driver/lib/commands/find.js:40:5)\nE               at doFind (/Users/kevin/.appium/node_modules/appium-uiautomator2-driver/node_modules/appium-android-driver/lib/commands/find.ts:47:17)\nE               at wrappedCondFn (/usr/local/lib/node_modules/appium/node_modules/@appium/base-driver/lib/basedriver/commands/timeout.ts:137:14)\nE               at spin (/usr/local/lib/node_modules/appium/node_modules/asyncbox/lib/asyncbox.js:219:20)\nE               at waitForCondition (/usr/local/lib/node_modules/appium/node_modules/asyncbox/lib/asyncbox.js:236:10)\nE               at AndroidUiautomator2Driver.implicitWaitForCondition (/usr/local/lib/node_modules/appium/node_modules/@appium/base-driver/lib/basedriver/commands/timeout.ts:139:12)\nE               at AndroidUiautomator2Driver.findElOrEls (/Users/kevin/.appium/node_modules/appium-uiautomator2-driver/node_modules/appium-android-driver/lib/commands/find.ts:70:5)\nE               at AndroidUiautomator2Driver.findElOrElsWithProcessing (/usr/local/lib/node_modules/appium/node_modules/@appium/base-driver/lib/basedriver/commands/find.ts:60:12)\nE               at AndroidUiautomator2Driver.findElement (/usr/local/lib/node_modules/appium/node_modules/@appium/base-driver/lib/basedriver/commands/find.ts:75:12)\n\nsrc/tests/test_poskasir.py:92: Failed","flaky":false,"newFailed":false,"newBroken":false,"newPassed":false,"retriesCount":21,"retriesStatusChange":true,"beforeStages":[{"name":"driver","time":{"start":1727253760439,"stop":1727253775904,"duration":15465},"status":"passed","steps":[],"attachments":[],"parameters":[],"shouldDisplayMessage":false,"stepsCount":0,"attachmentsCount":0,"hasContent":false,"attachmentStep":false}],"testStage":{"status":"failed","statusMessage":"Failed: terdapat error selama pengujian yaitu: Message: An unknown server-side error occurred while processing the command. Original error: Could not proxy command to the remote server. Original error: socket hang up\nStacktrace:\nUnknownError: An unknown server-side error occurred while processing the command. Original error: Could not proxy command to the remote server. Original error: socket hang up\n    at UIA2Proxy.command (/usr/local/lib/node_modules/appium/node_modules/@appium/base-driver/lib/jsonwp-proxy/proxy.js:350:13)\n    at processTicksAndRejections (node:internal/process/task_queues:95:5)\n    at AndroidUiautomator2Driver.doFindElementOrEls (/Users/kevin/.appium/node_modules/appium-uiautomator2-driver/lib/commands/find.js:40:5)\n    at doFind (/Users/kevin/.appium/node_modules/appium-uiautomator2-driver/node_modules/appium-android-driver/lib/commands/find.ts:47:17)\n    at wrappedCondFn (/usr/local/lib/node_modules/appium/node_modules/@appium/base-driver/lib/basedriver/commands/timeout.ts:137:14)\n    at spin (/usr/local/lib/node_modules/appium/node_modules/asyncbox/lib/asyncbox.js:219:20)\n    at waitForCondition (/usr/local/lib/node_modules/appium/node_modules/asyncbox/lib/asyncbox.js:236:10)\n    at AndroidUiautomator2Driver.implicitWaitForCondition (/usr/local/lib/node_modules/appium/node_modules/@appium/base-driver/lib/basedriver/commands/timeout.ts:139:12)\n    at AndroidUiautomator2Driver.findElOrEls (/Users/kevin/.appium/node_modules/appium-uiautomator2-driver/node_modules/appium-android-driver/lib/commands/find.ts:70:5)\n    at AndroidUiautomator2Driver.findElOrElsWithProcessing (/usr/local/lib/node_modules/appium/node_modules/@appium/base-driver/lib/basedriver/commands/find.ts:60:12)\n    at AndroidUiautomator2Driver.findElement (/usr/local/lib/node_modules/appium/node_modules/@appium/base-driver/lib/basedriver/commands/find.ts:75:12)","statusTrace":"driver = <appium.webdriver.webdriver.WebDriver (session=\"6f565bb7-63af-4fe1-930d-20cfaba99ac5\")>\n\n    @pytest.mark.usefixtures('driver')\n    @pytest.mark.run(order=4)\n    # def test_payment_tunai(driver):\n    #     tunai = PaymentTunai(driver)\n    #     try:\n    #         logging.info('Mulai pengujian pembayaran tunai')\n    #         tunai.click_menu_poskasir()\n    #         tunai.search_product('Kopi')\n    #         tunai.button_add_product()\n    #         tunai.button_checkout_product()\n    #         tunai.button_add_discount()\n    #         tunai.add_nominal_discount('500')\n    #         tunai.button_confirm_discount()\n    #         tunai.button_note_product()\n    #         tunai.add_note_product('less sugar')\n    #         driver.back()\n    #         tunai.button_save_note()\n    #         tunai.click_next_checkout()\n    #         tunai.payment_tunai()\n    #         tunai.button_bayar_payment()\n    #         tunai.button_confirm_payment_tunai()\n    #         tunai.button_bayar_tunai()\n    #         tunai.success_page()\n    #         time.sleep(10)\n    #         tunai.reprint_struk()\n    #         time.sleep(10)\n    #         tunai.button_back()\n    #         tunai.poskasir_page()\n    #         logging.info(\"Pembayaran tunai berhasil\")\n    #     except Exception as e :\n    #         logging.error(f'Terdapat error selama pengujian yaitu: {e}')\n    #         pytest.fail(f'terdapat error selama pengujian yaitu: {e}')\n    \n    # def test_payment_debit(driver):\n    #     debit = PaymentDebit(driver)\n    #     try:\n    #         logging.info('Mulai pengujian pembayaran debit')\n    #         debit.search_product('Kopi')\n    #         debit.button_add_product()\n    #         debit.button_checkout_product()\n    #         debit.click_next_checkout()\n    #         debit.payment_debit()\n    #         debit.button_bayar_payment()\n    #         debit.button_confirm_payment_debit()\n    #         debit.insert_card_page()\n    #         time.sleep(15)\n    #         debit.confirm_payment_debit()\n    #         time.sleep(15)\n    #         debit.input_PIN_debit()\n    #         time.sleep(30)\n    #         debit.success_page()\n    #         time.sleep(10)\n    #         debit.reprint_struk()\n    #         time.sleep(10)\n    #         debit.button_back()\n    #         debit.poskasir_page()\n    #         logging.info(\"Pembayaran debit berhasil\")\n    #     except Exception as e :\n    #         logging.error(f'Terdapat error selama pengujian yaitu: {e}')\n    #         pytest.fail(f'terdapat error selama pengujian yaitu: {e}')\n    \n    def test_payment_credit(driver):\n        credit = PaymentCredit(driver)\n        try:\n            logging.info('Mulai pengujian pembayaran credit')\n            credit.click_menu_poskasir()\n            credit.search_product('Kopi')\n            credit.button_add_product()\n            credit.button_checkout_product()\n            credit.click_next_checkout()\n            credit.scroll_to_text(\"CREDIT CARD\")\n            credit.button_bayar_payment()\n            credit.button_confirm_payment_credit()\n            credit.insert_card_page()\n            credit.confirm_payment_credit()\n            credit.input_PIN_credit()\n            credit.success_page()\n>           credit.reprint_struk()\n\nsrc/tests/test_poskasir.py:86: \n_ _ _ _ _ _ _ _ _ _ _ _ _ _ _ _ _ _ _ _ _ _ _ _ _ _ _ _ _ _ _ _ _ _ _ _ _ _ _ _ _ _ _ _ _ _ _ _ _ _ _ _ _ _ _ _ _ _ _ _ _ _ _ _ _ _ _ _ _ _ _ _ _ _ _ _ _ _ _\n\nself = <pages.poskasir_page.PaymentCredit object at 0x10fdffc40>\n\n    def reprint_struk(self):\n>       button_reprint_struk = WebDriverWait(self.driver, 10).until(EC.element_to_be_clickable((AppiumBy.ID, 'com.mkpmobile.retail.mitramint:id/btnLanjut')))\n\nsrc/pages/poskasir_page.py:64: \n_ _ _ _ _ _ _ _ _ _ _ _ _ _ _ _ _ _ _ _ _ _ _ _ _ _ _ _ _ _ _ _ _ _ _ _ _ _ _ _ _ _ _ _ _ _ _ _ _ _ _ _ _ _ _ _ _ _ _ _ _ _ _ _ _ _ _ _ _ _ _ _ _ _ _ _ _ _ _\n\nself = <selenium.webdriver.support.wait.WebDriverWait (session=\"6f565bb7-63af-4fe1-930d-20cfaba99ac5\")>\nmethod = <function element_to_be_clickable.<locals>._predicate at 0x10fdf2680>, message = ''\n\n    def until(self, method: Callable[[D], Union[Literal[False], T]], message: str = \"\") -> T:\n        \"\"\"Calls the method provided with the driver as an argument until the \\\n        return value does not evaluate to ``False``.\n    \n        :param method: callable(WebDriver)\n        :param message: optional message for :exc:`TimeoutException`\n        :returns: the result of the last call to `method`\n        :raises: :exc:`selenium.common.exceptions.TimeoutException` if timeout occurs\n        \"\"\"\n        screen = None\n        stacktrace = None\n    \n        end_time = time.monotonic() + self._timeout\n        while True:\n            try:\n>               value = method(self._driver)\n\nvenv/lib/python3.10/site-packages/selenium/webdriver/support/wait.py:96: \n_ _ _ _ _ _ _ _ _ _ _ _ _ _ _ _ _ _ _ _ _ _ _ _ _ _ _ _ _ _ _ _ _ _ _ _ _ _ _ _ _ _ _ _ _ _ _ _ _ _ _ _ _ _ _ _ _ _ _ _ _ _ _ _ _ _ _ _ _ _ _ _ _ _ _ _ _ _ _\n\ndriver = <appium.webdriver.webdriver.WebDriver (session=\"6f565bb7-63af-4fe1-930d-20cfaba99ac5\")>\n\n    def _predicate(driver: WebDriverOrWebElement):\n        target = mark\n        if not isinstance(target, WebElement):  # if given locator instead of WebElement\n>           target = driver.find_element(*target)  # grab element at locator\n\nvenv/lib/python3.10/site-packages/selenium/webdriver/support/expected_conditions.py:363: \n_ _ _ _ _ _ _ _ _ _ _ _ _ _ _ _ _ _ _ _ _ _ _ _ _ _ _ _ _ _ _ _ _ _ _ _ _ _ _ _ _ _ _ _ _ _ _ _ _ _ _ _ _ _ _ _ _ _ _ _ _ _ _ _ _ _ _ _ _ _ _ _ _ _ _ _ _ _ _\n\nself = <appium.webdriver.webdriver.WebDriver (session=\"6f565bb7-63af-4fe1-930d-20cfaba99ac5\")>, by = 'id'\nvalue = 'com.mkpmobile.retail.mitramint:id/btnLanjut'\n\n    def find_element(self, by: str = AppiumBy.ID, value: Union[str, Dict, None] = None) -> MobileWebElement:\n        \"\"\"\n        Find an element given a AppiumBy strategy and locator\n    \n        Args:\n            by: The strategy\n            value: The locator\n    \n        Usage:\n            driver.find_element(by=AppiumBy.ACCESSIBILITY_ID, value='accessibility_id')\n    \n        Returns:\n            `appium.webdriver.webelement.WebElement`: The found element\n    \n        \"\"\"\n        # We prefer to patch locators in the client code\n        # Checking current context every time a locator is accessed could significantly slow down tests\n        # Check https://github.com/appium/python-client/pull/724 before submitting any issue\n        # if by == By.ID:\n        #     by = By.CSS_SELECTOR\n        #     value = '[id=\"%s\"]' % value\n        # elif by == By.TAG_NAME:\n        #     by = By.CSS_SELECTOR\n        # elif by == By.CLASS_NAME:\n        #     by = By.CSS_SELECTOR\n        #     value = \".%s\" % value\n        # elif by == By.NAME:\n        #     by = By.CSS_SELECTOR\n        #     value = '[name=\"%s\"]' % value\n    \n>       return self.execute(RemoteCommand.FIND_ELEMENT, {'using': by, 'value': value})['value']\n\nvenv/lib/python3.10/site-packages/appium/webdriver/webdriver.py:382: \n_ _ _ _ _ _ _ _ _ _ _ _ _ _ _ _ _ _ _ _ _ _ _ _ _ _ _ _ _ _ _ _ _ _ _ _ _ _ _ _ _ _ _ _ _ _ _ _ _ _ _ _ _ _ _ _ _ _ _ _ _ _ _ _ _ _ _ _ _ _ _ _ _ _ _ _ _ _ _\n\nself = <appium.webdriver.webdriver.WebDriver (session=\"6f565bb7-63af-4fe1-930d-20cfaba99ac5\")>, driver_command = 'findElement'\nparams = {'using': 'id', 'value': 'com.mkpmobile.retail.mitramint:id/btnLanjut'}\n\n    def execute(self, driver_command: str, params: dict = None) -> dict:\n        \"\"\"Sends a command to be executed by a command.CommandExecutor.\n    \n        :Args:\n         - driver_command: The name of the command to execute as a string.\n         - params: A dictionary of named parameters to send with the command.\n    \n        :Returns:\n          The command's JSON response loaded into a dictionary object.\n        \"\"\"\n        params = self._wrap_value(params)\n    \n        if self.session_id:\n            if not params:\n                params = {\"sessionId\": self.session_id}\n            elif \"sessionId\" not in params:\n                params[\"sessionId\"] = self.session_id\n    \n        response = self.command_executor.execute(driver_command, params)\n        if response:\n>           self.error_handler.check_response(response)\n\nvenv/lib/python3.10/site-packages/selenium/webdriver/remote/webdriver.py:354: \n_ _ _ _ _ _ _ _ _ _ _ _ _ _ _ _ _ _ _ _ _ _ _ _ _ _ _ _ _ _ _ _ _ _ _ _ _ _ _ _ _ _ _ _ _ _ _ _ _ _ _ _ _ _ _ _ _ _ _ _ _ _ _ _ _ _ _ _ _ _ _ _ _ _ _ _ _ _ _\n\nself = <appium.webdriver.errorhandler.MobileErrorHandler object at 0x10fdfea70>\nresponse = {'status': 500, 'value': '{\"value\":{\"error\":\"unknown error\",\"message\":\"An unknown server-side error occurred while pro...lement (/usr/local/lib/node_modules/appium/node_modules/@appium/base-driver/lib/basedriver/commands/find.ts:75:12)\"}}'}\n\n    def check_response(self, response: Dict[str, Any]) -> None:\n        \"\"\"\n        https://www.w3.org/TR/webdriver/#errors\n        \"\"\"\n        payload = response.get('value', '')\n        if isinstance(payload, dict):\n            payload_dict = payload\n        else:\n            try:\n                payload_dict = json.loads(payload)\n            except (json.JSONDecodeError, TypeError):\n                return\n            if not isinstance(payload_dict, dict):\n                return\n        value = payload_dict.get('value')\n        if not isinstance(value, dict):\n            return\n        error = value.get('error')\n        if not error:\n            return\n    \n        message = value.get('message', error)\n        stacktrace = value.get('stacktrace', '')\n        # In theory, we should also be checking HTTP status codes.\n        # Java client, for example, prints a warning if the actual `error`\n        # value does not match to the response's HTTP status code.\n        exception_class: Type[sel_exceptions.WebDriverException] = ERROR_TO_EXC_MAPPING.get(\n            error, sel_exceptions.WebDriverException\n        )\n        if exception_class is sel_exceptions.WebDriverException and message:\n            if message == 'No such context found.':\n                exception_class = appium_exceptions.NoSuchContextException\n            elif message == 'That command could not be executed in the current context.':\n                exception_class = appium_exceptions.InvalidSwitchToTargetException\n    \n        if exception_class is sel_exceptions.UnexpectedAlertPresentException:\n            raise sel_exceptions.UnexpectedAlertPresentException(\n                msg=message,\n                stacktrace=format_stacktrace(stacktrace),\n                alert_text=value.get('data'),\n            )\n>       raise exception_class(msg=message, stacktrace=format_stacktrace(stacktrace))\nE       selenium.common.exceptions.WebDriverException: Message: An unknown server-side error occurred while processing the command. Original error: Could not proxy command to the remote server. Original error: socket hang up\nE       Stacktrace:\nE       UnknownError: An unknown server-side error occurred while processing the command. Original error: Could not proxy command to the remote server. Original error: socket hang up\nE           at UIA2Proxy.command (/usr/local/lib/node_modules/appium/node_modules/@appium/base-driver/lib/jsonwp-proxy/proxy.js:350:13)\nE           at processTicksAndRejections (node:internal/process/task_queues:95:5)\nE           at AndroidUiautomator2Driver.doFindElementOrEls (/Users/kevin/.appium/node_modules/appium-uiautomator2-driver/lib/commands/find.js:40:5)\nE           at doFind (/Users/kevin/.appium/node_modules/appium-uiautomator2-driver/node_modules/appium-android-driver/lib/commands/find.ts:47:17)\nE           at wrappedCondFn (/usr/local/lib/node_modules/appium/node_modules/@appium/base-driver/lib/basedriver/commands/timeout.ts:137:14)\nE           at spin (/usr/local/lib/node_modules/appium/node_modules/asyncbox/lib/asyncbox.js:219:20)\nE           at waitForCondition (/usr/local/lib/node_modules/appium/node_modules/asyncbox/lib/asyncbox.js:236:10)\nE           at AndroidUiautomator2Driver.implicitWaitForCondition (/usr/local/lib/node_modules/appium/node_modules/@appium/base-driver/lib/basedriver/commands/timeout.ts:139:12)\nE           at AndroidUiautomator2Driver.findElOrEls (/Users/kevin/.appium/node_modules/appium-uiautomator2-driver/node_modules/appium-android-driver/lib/commands/find.ts:70:5)\nE           at AndroidUiautomator2Driver.findElOrElsWithProcessing (/usr/local/lib/node_modules/appium/node_modules/@appium/base-driver/lib/basedriver/commands/find.ts:60:12)\nE           at AndroidUiautomator2Driver.findElement (/usr/local/lib/node_modules/appium/node_modules/@appium/base-driver/lib/basedriver/commands/find.ts:75:12)\n\nvenv/lib/python3.10/site-packages/appium/webdriver/errorhandler.py:125: WebDriverException\n\nDuring handling of the above exception, another exception occurred:\n\ndriver = <appium.webdriver.webdriver.WebDriver (session=\"6f565bb7-63af-4fe1-930d-20cfaba99ac5\")>\n\n    @pytest.mark.usefixtures('driver')\n    @pytest.mark.run(order=4)\n    # def test_payment_tunai(driver):\n    #     tunai = PaymentTunai(driver)\n    #     try:\n    #         logging.info('Mulai pengujian pembayaran tunai')\n    #         tunai.click_menu_poskasir()\n    #         tunai.search_product('Kopi')\n    #         tunai.button_add_product()\n    #         tunai.button_checkout_product()\n    #         tunai.button_add_discount()\n    #         tunai.add_nominal_discount('500')\n    #         tunai.button_confirm_discount()\n    #         tunai.button_note_product()\n    #         tunai.add_note_product('less sugar')\n    #         driver.back()\n    #         tunai.button_save_note()\n    #         tunai.click_next_checkout()\n    #         tunai.payment_tunai()\n    #         tunai.button_bayar_payment()\n    #         tunai.button_confirm_payment_tunai()\n    #         tunai.button_bayar_tunai()\n    #         tunai.success_page()\n    #         time.sleep(10)\n    #         tunai.reprint_struk()\n    #         time.sleep(10)\n    #         tunai.button_back()\n    #         tunai.poskasir_page()\n    #         logging.info(\"Pembayaran tunai berhasil\")\n    #     except Exception as e :\n    #         logging.error(f'Terdapat error selama pengujian yaitu: {e}')\n    #         pytest.fail(f'terdapat error selama pengujian yaitu: {e}')\n    \n    # def test_payment_debit(driver):\n    #     debit = PaymentDebit(driver)\n    #     try:\n    #         logging.info('Mulai pengujian pembayaran debit')\n    #         debit.search_product('Kopi')\n    #         debit.button_add_product()\n    #         debit.button_checkout_product()\n    #         debit.click_next_checkout()\n    #         debit.payment_debit()\n    #         debit.button_bayar_payment()\n    #         debit.button_confirm_payment_debit()\n    #         debit.insert_card_page()\n    #         time.sleep(15)\n    #         debit.confirm_payment_debit()\n    #         time.sleep(15)\n    #         debit.input_PIN_debit()\n    #         time.sleep(30)\n    #         debit.success_page()\n    #         time.sleep(10)\n    #         debit.reprint_struk()\n    #         time.sleep(10)\n    #         debit.button_back()\n    #         debit.poskasir_page()\n    #         logging.info(\"Pembayaran debit berhasil\")\n    #     except Exception as e :\n    #         logging.error(f'Terdapat error selama pengujian yaitu: {e}')\n    #         pytest.fail(f'terdapat error selama pengujian yaitu: {e}')\n    \n    def test_payment_credit(driver):\n        credit = PaymentCredit(driver)\n        try:\n            logging.info('Mulai pengujian pembayaran credit')\n            credit.click_menu_poskasir()\n            credit.search_product('Kopi')\n            credit.button_add_product()\n            credit.button_checkout_product()\n            credit.click_next_checkout()\n            credit.scroll_to_text(\"CREDIT CARD\")\n            credit.button_bayar_payment()\n            credit.button_confirm_payment_credit()\n            credit.insert_card_page()\n            credit.confirm_payment_credit()\n            credit.input_PIN_credit()\n            credit.success_page()\n            credit.reprint_struk()\n            credit.button_back()\n            credit.poskasir_page()\n            logging.info(\"Pembayaran credit berhasil\")\n        except Exception as e :\n            logging.error(f'Terdapat error selama pengujian yaitu: {e}')\n>           pytest.fail(f'terdapat error selama pengujian yaitu: {e}')\nE           Failed: terdapat error selama pengujian yaitu: Message: An unknown server-side error occurred while processing the command. Original error: Could not proxy command to the remote server. Original error: socket hang up\nE           Stacktrace:\nE           UnknownError: An unknown server-side error occurred while processing the command. Original error: Could not proxy command to the remote server. Original error: socket hang up\nE               at UIA2Proxy.command (/usr/local/lib/node_modules/appium/node_modules/@appium/base-driver/lib/jsonwp-proxy/proxy.js:350:13)\nE               at processTicksAndRejections (node:internal/process/task_queues:95:5)\nE               at AndroidUiautomator2Driver.doFindElementOrEls (/Users/kevin/.appium/node_modules/appium-uiautomator2-driver/lib/commands/find.js:40:5)\nE               at doFind (/Users/kevin/.appium/node_modules/appium-uiautomator2-driver/node_modules/appium-android-driver/lib/commands/find.ts:47:17)\nE               at wrappedCondFn (/usr/local/lib/node_modules/appium/node_modules/@appium/base-driver/lib/basedriver/commands/timeout.ts:137:14)\nE               at spin (/usr/local/lib/node_modules/appium/node_modules/asyncbox/lib/asyncbox.js:219:20)\nE               at waitForCondition (/usr/local/lib/node_modules/appium/node_modules/asyncbox/lib/asyncbox.js:236:10)\nE               at AndroidUiautomator2Driver.implicitWaitForCondition (/usr/local/lib/node_modules/appium/node_modules/@appium/base-driver/lib/basedriver/commands/timeout.ts:139:12)\nE               at AndroidUiautomator2Driver.findElOrEls (/Users/kevin/.appium/node_modules/appium-uiautomator2-driver/node_modules/appium-android-driver/lib/commands/find.ts:70:5)\nE               at AndroidUiautomator2Driver.findElOrElsWithProcessing (/usr/local/lib/node_modules/appium/node_modules/@appium/base-driver/lib/basedriver/commands/find.ts:60:12)\nE               at AndroidUiautomator2Driver.findElement (/usr/local/lib/node_modules/appium/node_modules/@appium/base-driver/lib/basedriver/commands/find.ts:75:12)\n\nsrc/tests/test_poskasir.py:92: Failed","steps":[],"attachments":[{"uid":"f9934c9837b51d87","name":"log","source":"f9934c9837b51d87.txt","type":"text/plain","size":1916}],"parameters":[],"shouldDisplayMessage":true,"stepsCount":0,"attachmentsCount":1,"hasContent":true,"attachmentStep":false},"afterStages":[{"name":"driver::0","time":{"start":1727253830991,"stop":1727253835964,"duration":4973},"status":"broken","statusMessage":"selenium.common.exceptions.WebDriverException: Message: An unknown server-side error occurred while processing the command. Original error: Error executing adbExec. Original error: 'Command '/Users/kevin/Library/Android/sdk/platform-tools/adb -P 5037 -s 1902390100180748 shell 'settings delete global hidden_api_policy_pre_p_apps;settings delete global hidden_api_policy_p_apps;settings delete global hidden_api_policy'' exited with code 1'; Command output: adb: device offline\n\nStacktrace:\nUnknownError: An unknown server-side error occurred while processing the command. Original error: Error executing adbExec. Original error: 'Command '/Users/kevin/Library/Android/sdk/platform-tools/adb -P 5037 -s 1902390100180748 shell 'settings delete global hidden_api_policy_pre_p_apps;settings delete global hidden_api_policy_p_apps;settings delete global hidden_api_policy'' exited with code 1'; Command output: adb: device offline\n\n    at getResponseForW3CError (/usr/local/lib/node_modules/appium/node_modules/@appium/base-driver/lib/protocol/errors.js:1145:9)\n    at asyncHandler (/usr/local/lib/node_modules/appium/node_modules/@appium/base-driver/lib/protocol/protocol.js:485:57)\n","statusTrace":"  File \"/Users/kevin/automated-testing/Apps2pay/MINT/MINT_Loket/venv/lib/python3.10/site-packages/allure_commons/_allure.py\", line 200, in __call__\n    return self._fixture_function(*args, **kwargs)\n  File \"/Users/kevin/automated-testing/Apps2pay/MINT/MINT_Loket/venv/lib/python3.10/site-packages/_pytest/fixtures.py\", line 899, in _teardown_yield_fixture\n    next(it)\n  File \"/Users/kevin/automated-testing/Apps2pay/MINT/MINT_Loket/src/conftest.py\", line 26, in driver\n    driver.quit()\n  File \"/Users/kevin/automated-testing/Apps2pay/MINT/MINT_Loket/venv/lib/python3.10/site-packages/selenium/webdriver/remote/webdriver.py\", line 476, in quit\n    self.execute(Command.QUIT)\n  File \"/Users/kevin/automated-testing/Apps2pay/MINT/MINT_Loket/venv/lib/python3.10/site-packages/selenium/webdriver/remote/webdriver.py\", line 354, in execute\n    self.error_handler.check_response(response)\n  File \"/Users/kevin/automated-testing/Apps2pay/MINT/MINT_Loket/venv/lib/python3.10/site-packages/appium/webdriver/errorhandler.py\", line 125, in check_response\n    raise exception_class(msg=message, stacktrace=format_stacktrace(stacktrace))\n","steps":[],"attachments":[],"parameters":[],"shouldDisplayMessage":true,"stepsCount":0,"attachmentsCount":0,"hasContent":true,"attachmentStep":false}],"labels":[{"name":"tag","value":"run(order=4)"},{"name":"tag","value":"@pytest.mark.usefixtures('driver')"},{"name":"parentSuite","value":"src.tests"},{"name":"suite","value":"test_poskasir"},{"name":"host","value":"macbooks-MacBook-Air.local"},{"name":"thread","value":"34773-MainThread"},{"name":"framework","value":"pytest"},{"name":"language","value":"cpython3"},{"name":"package","value":"src.tests.test_poskasir"},{"name":"resultFormat","value":"allure2"}],"parameters":[],"links":[],"hidden":false,"retry":false,"extra":{"severity":"normal","retries":[{"uid":"fc9e5c5f329f00cc","status":"failed","statusDetails":"Failed: terdapat error selama pengujian yaitu: Message: \nStacktrace:\nNoSuchElementError: An element could not be located on the page using the given search parameters.\n    at AndroidUiautomator2Driver.findElOrEls (/Users/kevin/.appium/node_modules/appium-uiautomator2-driver/node_modules/appium-android-driver/lib/commands/find.ts:86:11)\n    at processTicksAndRejections (node:internal/process/task_queues:95:5)\n    at AndroidUiautomator2Driver.findElOrElsWithProcessing (/usr/local/lib/node_modules/appium/node_modules/@appium/base-driver/lib/basedriver/commands/find.ts:60:12)\n    at AndroidUiautomator2Driver.findElement (/usr/local/lib/node_modules/appium/node_modules/@appium/base-driver/lib/basedriver/commands/find.ts:75:12)","time":{"start":1727251511776,"stop":1727251563380,"duration":51604}},{"uid":"721fdb69dc7dca3e","status":"failed","statusDetails":"Failed: terdapat error selama pengujian yaitu: Message: \nStacktrace:\nNoSuchElementError: An element could not be located on the page using the given search parameters.\n    at AndroidUiautomator2Driver.findElOrEls (/Users/kevin/.appium/node_modules/appium-uiautomator2-driver/node_modules/appium-android-driver/lib/commands/find.ts:86:11)\n    at processTicksAndRejections (node:internal/process/task_queues:95:5)\n    at AndroidUiautomator2Driver.findElOrElsWithProcessing (/usr/local/lib/node_modules/appium/node_modules/@appium/base-driver/lib/basedriver/commands/find.ts:60:12)\n    at AndroidUiautomator2Driver.findElement (/usr/local/lib/node_modules/appium/node_modules/@appium/base-driver/lib/basedriver/commands/find.ts:75:12)","time":{"start":1727251345564,"stop":1727251396729,"duration":51165}},{"uid":"48dba86adb893b08","status":"failed","statusDetails":"Failed: terdapat error selama pengujian yaitu: Message: \nStacktrace:\nNoSuchElementError: An element could not be located on the page using the given search parameters.\n    at AndroidUiautomator2Driver.findElOrEls (/Users/kevin/.appium/node_modules/appium-uiautomator2-driver/node_modules/appium-android-driver/lib/commands/find.ts:86:11)\n    at processTicksAndRejections (node:internal/process/task_queues:95:5)\n    at AndroidUiautomator2Driver.findElOrElsWithProcessing (/usr/local/lib/node_modules/appium/node_modules/@appium/base-driver/lib/basedriver/commands/find.ts:60:12)\n    at AndroidUiautomator2Driver.findElement (/usr/local/lib/node_modules/appium/node_modules/@appium/base-driver/lib/basedriver/commands/find.ts:75:12)","time":{"start":1727251111333,"stop":1727251163421,"duration":52088}},{"uid":"c2c46257599028f8","status":"failed","statusDetails":"Failed: terdapat error selama pengujian yaitu: Message: \nStacktrace:\nNoSuchElementError: An element could not be located on the page using the given search parameters.\n    at AndroidUiautomator2Driver.findElOrEls (/Users/kevin/.appium/node_modules/appium-uiautomator2-driver/node_modules/appium-android-driver/lib/commands/find.ts:86:11)\n    at processTicksAndRejections (node:internal/process/task_queues:95:5)\n    at AndroidUiautomator2Driver.findElOrElsWithProcessing (/usr/local/lib/node_modules/appium/node_modules/@appium/base-driver/lib/basedriver/commands/find.ts:60:12)\n    at AndroidUiautomator2Driver.findElement (/usr/local/lib/node_modules/appium/node_modules/@appium/base-driver/lib/basedriver/commands/find.ts:75:12)","time":{"start":1727250984924,"stop":1727251046222,"duration":61298}},{"uid":"ddebcfba01191e6c","status":"failed","statusDetails":"Failed: terdapat error selama pengujian yaitu: Message: Could not parse selector expression `new UiScrollable(new UiSelector().scrollable(true)).scrollIntoView(new UiSelector().text(\"CREDIT CARD\")`: Unclosed paren in expression; For documentation on this error, please visit: https://www.selenium.dev/documentation/webdriver/troubleshooting/errors#invalid-selector-exception\nStacktrace:\nio.appium.uiautomator2.common.exceptions.UiSelectorSyntaxException: Could not parse selector expression `new UiScrollable(new UiSelector().scrollable(true)).scrollIntoView(new UiSelector().text(\"CREDIT CARD\")`: Unclosed paren in expression\n\tat io.appium.uiautomator2.utils.UiExpressionParser.consumeMethodParameters(UiExpressionParser.java:155)\n\tat io.appium.uiautomator2.utils.UiScrollableParser.consumeMethodCall(UiScrollableParser.java:103)\n\tat io.appium.uiautomator2.utils.UiScrollableParser.parse(UiScrollableParser.java:66)\n\tat io.appium.uiautomator2.utils.UiAutomatorParser.consumeStatement(UiAutomatorParser.java:91)\n\tat io.appium.uiautomator2.utils.UiAutomatorParser.parse(UiAutomatorParser.java:47)\n\tat io.appium.uiautomator2.utils.ElementLocationHelpers.toSelectors(ElementLocationHelpers.java:135)\n\tat io.appium.uiautomator2.utils.ElementLocationHelpers.toSelector(ElementLocationHelpers.java:131)\n\tat io.appium.uiautomator2.utils.ByUiAutomatorFinder.findOne(ByUiAutomatorFinder.java:54)\n\tat io.appium.uiautomator2.utils.ByUiAutomatorFinder.findOne(ByUiAutomatorFinder.java:49)\n\tat io.appium.uiautomator2.utils.ElementLocationHelpers.findElement(ElementLocationHelpers.java:160)\n\tat io.appium.uiautomator2.handler.FindElement.safeHandle(FindElement.java:60)\n\tat io.appium.uiautomator2.handler.request.SafeRequestHandler.handle(SafeRequestHandler.java:59)\n\tat io.appium.uiautomator2.server.AppiumServlet.handleRequest(AppiumServlet.java:259)\n\tat io.appium.uiautomator2.server.AppiumServlet.handleHttpRequest(AppiumServlet.java:253)\n\tat io.appium.uiautomator2.http.ServerHandler.channelRead(ServerHandler.java:77)\n\tat io.netty.channel.AbstractChannelHandlerContext.invokeChannelRead(AbstractChannelHandlerContext.java:366)\n\tat io.netty.channel.AbstractChannelHandlerContext.invokeChannelRead(AbstractChannelHandlerContext.java:352)\n\tat io.netty.channel.AbstractChannelHandlerContext.fireChannelRead(AbstractChannelHandlerContext.java:345)\n\tat io.netty.handler.codec.MessageToMessageDecoder.channelRead(MessageToMessageDecoder.java:102)\n\tat io.netty.channel.AbstractChannelHandlerContext.invokeChannelRead(AbstractChannelHandlerContext.java:366)\n\tat io.netty.channel.AbstractChannelHandlerContext.invokeChannelRead(AbstractChannelHandlerContext.java:352)\n\tat io.netty.channel.AbstractChannelHandlerContext.fireChannelRead(AbstractChannelHandlerContext.java:345)\n\tat io.netty.channel.CombinedChannelDuplexHandler$DelegatingChannelHandlerContext.fireChannelRead(CombinedChannelDuplexHandler.java:435)\n\tat io.netty.handler.codec.ByteToMessageDecoder.fireChannelRead(ByteToMessageDecoder.java:293)\n\tat io.netty.handler.codec.ByteToMessageDecoder.channelRead(ByteToMessageDecoder.java:267)\n\tat io.netty.channel.CombinedChannelDuplexHandler.channelRead(CombinedChannelDuplexHandler.java:250)\n\tat io.netty.channel.AbstractChannelHandlerContext.invokeChannelRead(AbstractChannelHandlerContext.java:366)\n\tat io.netty.channel.AbstractChannelHandlerContext.invokeChannelRead(AbstractChannelHandlerContext.java:352)\n\tat io.netty.channel.AbstractChannelHandlerContext.fireChannelRead(AbstractChannelHandlerContext.java:345)\n\tat io.netty.handler.timeout.IdleStateHandler.channelRead(IdleStateHandler.java:266)\n\tat io.netty.channel.AbstractChannelHandlerContext.invokeChannelRead(AbstractChannelHandlerContext.java:366)\n\tat io.netty.channel.AbstractChannelHandlerContext.invokeChannelRead(AbstractChannelHandlerContext.java:352)\n\tat io.netty.channel.AbstractChannelHandlerContext.fireChannelRead(AbstractChannelHandlerContext.java:345)\n\tat io.netty.channel.DefaultChannelPipeline$HeadContext.channelRead(DefaultChannelPipeline.java:1294)\n\tat io.netty.channel.AbstractChannelHandlerContext.invokeChannelRead(AbstractChannelHandlerContext.java:366)\n\tat io.netty.channel.AbstractChannelHandlerContext.invokeChannelRead(AbstractChannelHandlerContext.java:352)\n\tat io.netty.channel.DefaultChannelPipeline.fireChannelRead(DefaultChannelPipeline.java:911)\n\tat io.netty.channel.nio.AbstractNioByteChannel$NioByteUnsafe.read(AbstractNioByteChannel.java:131)\n\tat io.netty.channel.nio.NioEventLoop.processSelectedKey(NioEventLoop.java:611)\n\tat io.netty.channel.nio.NioEventLoop.processSelectedKeysOptimized(NioEventLoop.java:552)\n\tat io.netty.channel.nio.NioEventLoop.processSelectedKeys(NioEventLoop.java:466)\n\tat io.netty.channel.nio.NioEventLoop.run(NioEventLoop.java:438)\n\tat io.netty.util.concurrent.SingleThreadEventExecutor$2.run(SingleThreadEventExecutor.java:140)\n\tat io.netty.util.concurrent.DefaultThreadFactory$DefaultRunnableDecorator.run(DefaultThreadFactory.java:144)\n\tat java.lang.Thread.run(Thread.java:919)","time":{"start":1727250454320,"stop":1727250462387,"duration":8067}},{"uid":"3afae0eec0d3cf7a","status":"failed","statusDetails":"Failed: terdapat error selama pengujian yaitu: Message: \nStacktrace:\nNoSuchElementError: An element could not be located on the page using the given search parameters.\n    at AndroidUiautomator2Driver.findElOrEls (/Users/kevin/.appium/node_modules/appium-uiautomator2-driver/node_modules/appium-android-driver/lib/commands/find.ts:86:11)\n    at processTicksAndRejections (node:internal/process/task_queues:95:5)\n    at AndroidUiautomator2Driver.findElOrElsWithProcessing (/usr/local/lib/node_modules/appium/node_modules/@appium/base-driver/lib/basedriver/commands/find.ts:60:12)\n    at AndroidUiautomator2Driver.findElement (/usr/local/lib/node_modules/appium/node_modules/@appium/base-driver/lib/basedriver/commands/find.ts:75:12)","time":{"start":1727250239008,"stop":1727250261292,"duration":22284}},{"uid":"9f6fde4d44ae7797","status":"failed","statusDetails":"Failed: terdapat error selama pengujian yaitu: Message: Could not parse selector expression `new UiScrollable(new UiSelector().scrollable(true).scrollIntoView(new UiSelector().className(\"android.widget.LinearLayout\").instance(10)`: Unclosed paren in expression; For documentation on this error, please visit: https://www.selenium.dev/documentation/webdriver/troubleshooting/errors#invalid-selector-exception\nStacktrace:\nio.appium.uiautomator2.common.exceptions.UiSelectorSyntaxException: Could not parse selector expression `new UiScrollable(new UiSelector().scrollable(true).scrollIntoView(new UiSelector().className(\"android.widget.LinearLayout\").instance(10)`: Unclosed paren in expression\n\tat io.appium.uiautomator2.utils.UiExpressionParser.consumeMethodParameters(UiExpressionParser.java:155)\n\tat io.appium.uiautomator2.utils.UiExpressionParser.consumeConstructor(UiExpressionParser.java:72)\n\tat io.appium.uiautomator2.utils.UiScrollableParser.parse(UiScrollableParser.java:62)\n\tat io.appium.uiautomator2.utils.UiAutomatorParser.consumeStatement(UiAutomatorParser.java:91)\n\tat io.appium.uiautomator2.utils.UiAutomatorParser.parse(UiAutomatorParser.java:47)\n\tat io.appium.uiautomator2.utils.ElementLocationHelpers.toSelectors(ElementLocationHelpers.java:135)\n\tat io.appium.uiautomator2.utils.ElementLocationHelpers.toSelector(ElementLocationHelpers.java:131)\n\tat io.appium.uiautomator2.utils.ByUiAutomatorFinder.findOne(ByUiAutomatorFinder.java:54)\n\tat io.appium.uiautomator2.utils.ByUiAutomatorFinder.findOne(ByUiAutomatorFinder.java:49)\n\tat io.appium.uiautomator2.utils.ElementLocationHelpers.findElement(ElementLocationHelpers.java:160)\n\tat io.appium.uiautomator2.handler.FindElement.safeHandle(FindElement.java:60)\n\tat io.appium.uiautomator2.handler.request.SafeRequestHandler.handle(SafeRequestHandler.java:59)\n\tat io.appium.uiautomator2.server.AppiumServlet.handleRequest(AppiumServlet.java:259)\n\tat io.appium.uiautomator2.server.AppiumServlet.handleHttpRequest(AppiumServlet.java:253)\n\tat io.appium.uiautomator2.http.ServerHandler.channelRead(ServerHandler.java:77)\n\tat io.netty.channel.AbstractChannelHandlerContext.invokeChannelRead(AbstractChannelHandlerContext.java:366)\n\tat io.netty.channel.AbstractChannelHandlerContext.invokeChannelRead(AbstractChannelHandlerContext.java:352)\n\tat io.netty.channel.AbstractChannelHandlerContext.fireChannelRead(AbstractChannelHandlerContext.java:345)\n\tat io.netty.handler.codec.MessageToMessageDecoder.channelRead(MessageToMessageDecoder.java:102)\n\tat io.netty.channel.AbstractChannelHandlerContext.invokeChannelRead(AbstractChannelHandlerContext.java:366)\n\tat io.netty.channel.AbstractChannelHandlerContext.invokeChannelRead(AbstractChannelHandlerContext.java:352)\n\tat io.netty.channel.AbstractChannelHandlerContext.fireChannelRead(AbstractChannelHandlerContext.java:345)\n\tat io.netty.channel.CombinedChannelDuplexHandler$DelegatingChannelHandlerContext.fireChannelRead(CombinedChannelDuplexHandler.java:435)\n\tat io.netty.handler.codec.ByteToMessageDecoder.fireChannelRead(ByteToMessageDecoder.java:293)\n\tat io.netty.handler.codec.ByteToMessageDecoder.channelRead(ByteToMessageDecoder.java:267)\n\tat io.netty.channel.CombinedChannelDuplexHandler.channelRead(CombinedChannelDuplexHandler.java:250)\n\tat io.netty.channel.AbstractChannelHandlerContext.invokeChannelRead(AbstractChannelHandlerContext.java:366)\n\tat io.netty.channel.AbstractChannelHandlerContext.invokeChannelRead(AbstractChannelHandlerContext.java:352)\n\tat io.netty.channel.AbstractChannelHandlerContext.fireChannelRead(AbstractChannelHandlerContext.java:345)\n\tat io.netty.handler.timeout.IdleStateHandler.channelRead(IdleStateHandler.java:266)\n\tat io.netty.channel.AbstractChannelHandlerContext.invokeChannelRead(AbstractChannelHandlerContext.java:366)\n\tat io.netty.channel.AbstractChannelHandlerContext.invokeChannelRead(AbstractChannelHandlerContext.java:352)\n\tat io.netty.channel.AbstractChannelHandlerContext.fireChannelRead(AbstractChannelHandlerContext.java:345)\n\tat io.netty.channel.DefaultChannelPipeline$HeadContext.channelRead(DefaultChannelPipeline.java:1294)\n\tat io.netty.channel.AbstractChannelHandlerContext.invokeChannelRead(AbstractChannelHandlerContext.java:366)\n\tat io.netty.channel.AbstractChannelHandlerContext.invokeChannelRead(AbstractChannelHandlerContext.java:352)\n\tat io.netty.channel.DefaultChannelPipeline.fireChannelRead(DefaultChannelPipeline.java:911)\n\tat io.netty.channel.nio.AbstractNioByteChannel$NioByteUnsafe.read(AbstractNioByteChannel.java:131)\n\tat io.netty.channel.nio.NioEventLoop.processSelectedKey(NioEventLoop.java:611)\n\tat io.netty.channel.nio.NioEventLoop.processSelectedKeysOptimized(NioEventLoop.java:552)\n\tat io.netty.channel.nio.NioEventLoop.processSelectedKeys(NioEventLoop.java:466)\n\tat io.netty.channel.nio.NioEventLoop.run(NioEventLoop.java:438)\n\tat io.netty.util.concurrent.SingleThreadEventExecutor$2.run(SingleThreadEventExecutor.java:140)\n\tat io.netty.util.concurrent.DefaultThreadFactory$DefaultRunnableDecorator.run(DefaultThreadFactory.java:144)\n\tat java.lang.Thread.run(Thread.java:919)","time":{"start":1727249966380,"stop":1727249974198,"duration":7818}},{"uid":"8318a6903b1e26b6","status":"failed","statusDetails":"Failed: terdapat error selama pengujian yaitu: 'PaymentCredit' object has no attribute 'payment_credit'","time":{"start":1727249729673,"stop":1727249736851,"duration":7178}},{"uid":"fa1888c29223d8b0","status":"failed","statusDetails":"Failed: terdapat error selama pengujian yaitu: Message: \nStacktrace:\nNoSuchElementError: An element could not be located on the page using the given search parameters.\n    at AndroidUiautomator2Driver.findElOrEls (/Users/kevin/.appium/node_modules/appium-uiautomator2-driver/node_modules/appium-android-driver/lib/commands/find.ts:86:11)\n    at processTicksAndRejections (node:internal/process/task_queues:95:5)\n    at AndroidUiautomator2Driver.findElOrElsWithProcessing (/usr/local/lib/node_modules/appium/node_modules/@appium/base-driver/lib/basedriver/commands/find.ts:60:12)\n    at AndroidUiautomator2Driver.findElement (/usr/local/lib/node_modules/appium/node_modules/@appium/base-driver/lib/basedriver/commands/find.ts:75:12)","time":{"start":1727170046341,"stop":1727170056526,"duration":10185}},{"uid":"8b42e9e37864212b","status":"failed","statusDetails":"Failed: terdapat error selama pengujian yaitu: Message: An unknown server-side error occurred while processing the command. Original error: 'POST /element' cannot be proxied to UiAutomator2 server because the instrumentation process is not running (probably crashed). Check the server log and/or the logcat output for more details\nStacktrace:\nUnknownError: An unknown server-side error occurred while processing the command. Original error: 'POST /element' cannot be proxied to UiAutomator2 server because the instrumentation process is not running (probably crashed). Check the server log and/or the logcat output for more details\n    at UIA2Proxy.command (/usr/local/lib/node_modules/appium/node_modules/@appium/base-driver/lib/jsonwp-proxy/proxy.js:350:13)\n    at processTicksAndRejections (node:internal/process/task_queues:95:5)\n    at AndroidUiautomator2Driver.doFindElementOrEls (/Users/kevin/.appium/node_modules/appium-uiautomator2-driver/lib/commands/find.js:40:5)\n    at doFind (/Users/kevin/.appium/node_modules/appium-uiautomator2-driver/node_modules/appium-android-driver/lib/commands/find.ts:47:17)\n    at wrappedCondFn (/usr/local/lib/node_modules/appium/node_modules/@appium/base-driver/lib/basedriver/commands/timeout.ts:137:14)\n    at spin (/usr/local/lib/node_modules/appium/node_modules/asyncbox/lib/asyncbox.js:219:20)\n    at waitForCondition (/usr/local/lib/node_modules/appium/node_modules/asyncbox/lib/asyncbox.js:236:10)\n    at AndroidUiautomator2Driver.implicitWaitForCondition (/usr/local/lib/node_modules/appium/node_modules/@appium/base-driver/lib/basedriver/commands/timeout.ts:139:12)\n    at AndroidUiautomator2Driver.findElOrEls (/Users/kevin/.appium/node_modules/appium-uiautomator2-driver/node_modules/appium-android-driver/lib/commands/find.ts:70:5)\n    at AndroidUiautomator2Driver.findElOrElsWithProcessing (/usr/local/lib/node_modules/appium/node_modules/@appium/base-driver/lib/basedriver/commands/find.ts:60:12)\n    at AndroidUiautomator2Driver.findElement (/usr/local/lib/node_modules/appium/node_modules/@appium/base-driver/lib/basedriver/commands/find.ts:75:12)","time":{"start":1727169540706,"stop":1727169540712,"duration":6}},{"uid":"f52b38f1d2b19924","status":"failed","statusDetails":"Failed: terdapat error selama pengujian yaitu: Message: An unknown server-side error occurred while processing the command. Original error: 'POST /element' cannot be proxied to UiAutomator2 server because the instrumentation process is not running (probably crashed). Check the server log and/or the logcat output for more details\nStacktrace:\nUnknownError: An unknown server-side error occurred while processing the command. Original error: 'POST /element' cannot be proxied to UiAutomator2 server because the instrumentation process is not running (probably crashed). Check the server log and/or the logcat output for more details\n    at UIA2Proxy.command (/usr/local/lib/node_modules/appium/node_modules/@appium/base-driver/lib/jsonwp-proxy/proxy.js:350:13)\n    at processTicksAndRejections (node:internal/process/task_queues:95:5)\n    at AndroidUiautomator2Driver.doFindElementOrEls (/Users/kevin/.appium/node_modules/appium-uiautomator2-driver/lib/commands/find.js:40:5)\n    at doFind (/Users/kevin/.appium/node_modules/appium-uiautomator2-driver/node_modules/appium-android-driver/lib/commands/find.ts:47:17)\n    at wrappedCondFn (/usr/local/lib/node_modules/appium/node_modules/@appium/base-driver/lib/basedriver/commands/timeout.ts:137:14)\n    at spin (/usr/local/lib/node_modules/appium/node_modules/asyncbox/lib/asyncbox.js:219:20)\n    at waitForCondition (/usr/local/lib/node_modules/appium/node_modules/asyncbox/lib/asyncbox.js:236:10)\n    at AndroidUiautomator2Driver.implicitWaitForCondition (/usr/local/lib/node_modules/appium/node_modules/@appium/base-driver/lib/basedriver/commands/timeout.ts:139:12)\n    at AndroidUiautomator2Driver.findElOrEls (/Users/kevin/.appium/node_modules/appium-uiautomator2-driver/node_modules/appium-android-driver/lib/commands/find.ts:70:5)\n    at AndroidUiautomator2Driver.findElOrElsWithProcessing (/usr/local/lib/node_modules/appium/node_modules/@appium/base-driver/lib/basedriver/commands/find.ts:60:12)\n    at AndroidUiautomator2Driver.findElement (/usr/local/lib/node_modules/appium/node_modules/@appium/base-driver/lib/basedriver/commands/find.ts:75:12)","time":{"start":1727169290468,"stop":1727169290476,"duration":8}},{"uid":"192d26a40fc677d7","status":"failed","statusDetails":"Failed: terdapat error selama pengujian yaitu: Message: An unknown server-side error occurred while processing the command. Original error: 'POST /element' cannot be proxied to UiAutomator2 server because the instrumentation process is not running (probably crashed). Check the server log and/or the logcat output for more details\nStacktrace:\nUnknownError: An unknown server-side error occurred while processing the command. Original error: 'POST /element' cannot be proxied to UiAutomator2 server because the instrumentation process is not running (probably crashed). Check the server log and/or the logcat output for more details\n    at UIA2Proxy.command (/usr/local/lib/node_modules/appium/node_modules/@appium/base-driver/lib/jsonwp-proxy/proxy.js:350:13)\n    at processTicksAndRejections (node:internal/process/task_queues:95:5)\n    at AndroidUiautomator2Driver.doFindElementOrEls (/Users/kevin/.appium/node_modules/appium-uiautomator2-driver/lib/commands/find.js:40:5)\n    at doFind (/Users/kevin/.appium/node_modules/appium-uiautomator2-driver/node_modules/appium-android-driver/lib/commands/find.ts:47:17)\n    at wrappedCondFn (/usr/local/lib/node_modules/appium/node_modules/@appium/base-driver/lib/basedriver/commands/timeout.ts:137:14)\n    at spin (/usr/local/lib/node_modules/appium/node_modules/asyncbox/lib/asyncbox.js:219:20)\n    at waitForCondition (/usr/local/lib/node_modules/appium/node_modules/asyncbox/lib/asyncbox.js:236:10)\n    at AndroidUiautomator2Driver.implicitWaitForCondition (/usr/local/lib/node_modules/appium/node_modules/@appium/base-driver/lib/basedriver/commands/timeout.ts:139:12)\n    at AndroidUiautomator2Driver.findElOrEls (/Users/kevin/.appium/node_modules/appium-uiautomator2-driver/node_modules/appium-android-driver/lib/commands/find.ts:70:5)\n    at AndroidUiautomator2Driver.findElOrElsWithProcessing (/usr/local/lib/node_modules/appium/node_modules/@appium/base-driver/lib/basedriver/commands/find.ts:60:12)\n    at AndroidUiautomator2Driver.findElement (/usr/local/lib/node_modules/appium/node_modules/@appium/base-driver/lib/basedriver/commands/find.ts:75:12)","time":{"start":1727169096229,"stop":1727169096245,"duration":16}},{"uid":"9d7ada47278685c2","status":"failed","statusDetails":"Failed: terdapat error selama pengujian yaitu: Message: An unknown server-side error occurred while processing the command. Original error: 'POST /element' cannot be proxied to UiAutomator2 server because the instrumentation process is not running (probably crashed). Check the server log and/or the logcat output for more details\nStacktrace:\nUnknownError: An unknown server-side error occurred while processing the command. Original error: 'POST /element' cannot be proxied to UiAutomator2 server because the instrumentation process is not running (probably crashed). Check the server log and/or the logcat output for more details\n    at UIA2Proxy.command (/usr/local/lib/node_modules/appium/node_modules/@appium/base-driver/lib/jsonwp-proxy/proxy.js:350:13)\n    at processTicksAndRejections (node:internal/process/task_queues:95:5)\n    at AndroidUiautomator2Driver.doFindElementOrEls (/Users/kevin/.appium/node_modules/appium-uiautomator2-driver/lib/commands/find.js:40:5)\n    at doFind (/Users/kevin/.appium/node_modules/appium-uiautomator2-driver/node_modules/appium-android-driver/lib/commands/find.ts:47:17)\n    at wrappedCondFn (/usr/local/lib/node_modules/appium/node_modules/@appium/base-driver/lib/basedriver/commands/timeout.ts:137:14)\n    at spin (/usr/local/lib/node_modules/appium/node_modules/asyncbox/lib/asyncbox.js:219:20)\n    at waitForCondition (/usr/local/lib/node_modules/appium/node_modules/asyncbox/lib/asyncbox.js:236:10)\n    at AndroidUiautomator2Driver.implicitWaitForCondition (/usr/local/lib/node_modules/appium/node_modules/@appium/base-driver/lib/basedriver/commands/timeout.ts:139:12)\n    at AndroidUiautomator2Driver.findElOrEls (/Users/kevin/.appium/node_modules/appium-uiautomator2-driver/node_modules/appium-android-driver/lib/commands/find.ts:70:5)\n    at AndroidUiautomator2Driver.findElOrElsWithProcessing (/usr/local/lib/node_modules/appium/node_modules/@appium/base-driver/lib/basedriver/commands/find.ts:60:12)\n    at AndroidUiautomator2Driver.findElement (/usr/local/lib/node_modules/appium/node_modules/@appium/base-driver/lib/basedriver/commands/find.ts:75:12)","time":{"start":1727168055693,"stop":1727168055699,"duration":6}},{"uid":"785136b27d394458","status":"failed","statusDetails":"Failed: terdapat error selama pengujian yaitu: Message: \nStacktrace:\nNoSuchElementError: An element could not be located on the page using the given search parameters.\n    at AndroidUiautomator2Driver.findElOrEls (/Users/kevin/.appium/node_modules/appium-uiautomator2-driver/node_modules/appium-android-driver/lib/commands/find.ts:86:11)\n    at processTicksAndRejections (node:internal/process/task_queues:95:5)\n    at AndroidUiautomator2Driver.findElOrElsWithProcessing (/usr/local/lib/node_modules/appium/node_modules/@appium/base-driver/lib/basedriver/commands/find.ts:60:12)\n    at AndroidUiautomator2Driver.findElement (/usr/local/lib/node_modules/appium/node_modules/@appium/base-driver/lib/basedriver/commands/find.ts:75:12)","time":{"start":1727167914869,"stop":1727167925518,"duration":10649}},{"uid":"107149cfc8c6829","status":"failed","statusDetails":"Failed: terdapat error selama pengujian yaitu: Message: \nStacktrace:\nNoSuchElementError: An element could not be located on the page using the given search parameters.\n    at AndroidUiautomator2Driver.findElOrEls (/Users/kevin/.appium/node_modules/appium-uiautomator2-driver/node_modules/appium-android-driver/lib/commands/find.ts:86:11)\n    at processTicksAndRejections (node:internal/process/task_queues:95:5)\n    at AndroidUiautomator2Driver.findElOrElsWithProcessing (/usr/local/lib/node_modules/appium/node_modules/@appium/base-driver/lib/basedriver/commands/find.ts:60:12)\n    at AndroidUiautomator2Driver.findElement (/usr/local/lib/node_modules/appium/node_modules/@appium/base-driver/lib/basedriver/commands/find.ts:75:12)","time":{"start":1727167104160,"stop":1727167114579,"duration":10419}},{"uid":"2449b2a13e4abf5","status":"failed","statusDetails":"Failed: terdapat error selama pengujian yaitu: Message: An unknown server-side error occurred while processing the command. Original error: 'POST /element' cannot be proxied to UiAutomator2 server because the instrumentation process is not running (probably crashed). Check the server log and/or the logcat output for more details\nStacktrace:\nUnknownError: An unknown server-side error occurred while processing the command. Original error: 'POST /element' cannot be proxied to UiAutomator2 server because the instrumentation process is not running (probably crashed). Check the server log and/or the logcat output for more details\n    at UIA2Proxy.command (/usr/local/lib/node_modules/appium/node_modules/@appium/base-driver/lib/jsonwp-proxy/proxy.js:350:13)\n    at processTicksAndRejections (node:internal/process/task_queues:95:5)\n    at AndroidUiautomator2Driver.doFindElementOrEls (/Users/kevin/.appium/node_modules/appium-uiautomator2-driver/lib/commands/find.js:40:5)\n    at doFind (/Users/kevin/.appium/node_modules/appium-uiautomator2-driver/node_modules/appium-android-driver/lib/commands/find.ts:47:17)\n    at wrappedCondFn (/usr/local/lib/node_modules/appium/node_modules/@appium/base-driver/lib/basedriver/commands/timeout.ts:137:14)\n    at spin (/usr/local/lib/node_modules/appium/node_modules/asyncbox/lib/asyncbox.js:219:20)\n    at waitForCondition (/usr/local/lib/node_modules/appium/node_modules/asyncbox/lib/asyncbox.js:236:10)\n    at AndroidUiautomator2Driver.implicitWaitForCondition (/usr/local/lib/node_modules/appium/node_modules/@appium/base-driver/lib/basedriver/commands/timeout.ts:139:12)\n    at AndroidUiautomator2Driver.findElOrEls (/Users/kevin/.appium/node_modules/appium-uiautomator2-driver/node_modules/appium-android-driver/lib/commands/find.ts:70:5)\n    at AndroidUiautomator2Driver.findElOrElsWithProcessing (/usr/local/lib/node_modules/appium/node_modules/@appium/base-driver/lib/basedriver/commands/find.ts:60:12)\n    at AndroidUiautomator2Driver.findElement (/usr/local/lib/node_modules/appium/node_modules/@appium/base-driver/lib/basedriver/commands/find.ts:75:12)","time":{"start":1727166385960,"stop":1727166385969,"duration":9}},{"uid":"ffea85f4be1c3b3e","status":"broken","statusDetails":"selenium.common.exceptions.WebDriverException: Message: An unknown server-side error occurred while processing the command. Original error: Error getting device API level. Original error: Error executing adbExec. Original error: 'Command '/Users/kevin/Library/Android/sdk/platform-tools/adb -P 5037 -s 1902390100180748 shell getprop ro.build.version.sdk' exited with code 1'; Command output: adb: device '1902390100180748' not found\n\nStacktrace:\nUnknownError: An unknown server-side error occurred while processing the command. Original error: Error getting device API level. Original error: Error executing adbExec. Original error: 'Command '/Users/kevin/Library/Android/sdk/platform-tools/adb -P 5037 -s 1902390100180748 shell getprop ro.build.version.sdk' exited with code 1'; Command output: adb: device '1902390100180748' not found\n\n    at getResponseForW3CError (/usr/local/lib/node_modules/appium/node_modules/@appium/base-driver/lib/protocol/errors.js:1145:9)\n    at asyncHandler (/usr/local/lib/node_modules/appium/node_modules/@appium/base-driver/lib/protocol/protocol.js:485:57)","time":{"start":1727166239515,"stop":1727166239515,"duration":0}},{"uid":"7dbb174a1570baa4","status":"failed","statusDetails":"Failed: terdapat error selama pengujian yaitu: Message: \nStacktrace:\nNoSuchElementError: An element could not be located on the page using the given search parameters.\n    at AndroidUiautomator2Driver.findElOrEls (/Users/kevin/.appium/node_modules/appium-uiautomator2-driver/node_modules/appium-android-driver/lib/commands/find.ts:86:11)\n    at processTicksAndRejections (node:internal/process/task_queues:95:5)\n    at AndroidUiautomator2Driver.findElOrElsWithProcessing (/usr/local/lib/node_modules/appium/node_modules/@appium/base-driver/lib/basedriver/commands/find.ts:60:12)\n    at AndroidUiautomator2Driver.findElement (/usr/local/lib/node_modules/appium/node_modules/@appium/base-driver/lib/basedriver/commands/find.ts:75:12)","time":{"start":1727165513886,"stop":1727165524288,"duration":10402}},{"uid":"acd5857eaacd440e","status":"failed","statusDetails":"Failed: terdapat error selama pengujian yaitu: Message: \nStacktrace:\nNoSuchElementError: An element could not be located on the page using the given search parameters.\n    at AndroidUiautomator2Driver.findElOrEls (/Users/kevin/.appium/node_modules/appium-uiautomator2-driver/node_modules/appium-android-driver/lib/commands/find.ts:86:11)\n    at processTicksAndRejections (node:internal/process/task_queues:95:5)\n    at AndroidUiautomator2Driver.findElOrElsWithProcessing (/usr/local/lib/node_modules/appium/node_modules/@appium/base-driver/lib/basedriver/commands/find.ts:60:12)\n    at AndroidUiautomator2Driver.findElement (/usr/local/lib/node_modules/appium/node_modules/@appium/base-driver/lib/basedriver/commands/find.ts:75:12)","time":{"start":1727164961106,"stop":1727164971186,"duration":10080}},{"uid":"34057daccc8a8122","status":"failed","statusDetails":"Failed: terdapat error selama pengujian yaitu: Message: \nStacktrace:\nNoSuchElementError: An element could not be located on the page using the given search parameters.\n    at AndroidUiautomator2Driver.findElOrEls (/Users/kevin/.appium/node_modules/appium-uiautomator2-driver/node_modules/appium-android-driver/lib/commands/find.ts:86:11)\n    at processTicksAndRejections (node:internal/process/task_queues:95:5)\n    at AndroidUiautomator2Driver.findElOrElsWithProcessing (/usr/local/lib/node_modules/appium/node_modules/@appium/base-driver/lib/basedriver/commands/find.ts:60:12)\n    at AndroidUiautomator2Driver.findElement (/usr/local/lib/node_modules/appium/node_modules/@appium/base-driver/lib/basedriver/commands/find.ts:75:12)","time":{"start":1727164767259,"stop":1727164777700,"duration":10441}},{"uid":"a3588b0ff0e0393","status":"broken","statusDetails":"urllib3.exceptions.MaxRetryError: HTTPConnectionPool(host='localhost', port=4723): Max retries exceeded with url: /session (Caused by NewConnectionError('<urllib3.connection.HTTPConnection object at 0x110161f00>: Failed to establish a new connection: [Errno 61] Connection refused'))","time":{"start":1727164630725,"stop":1727164630725,"duration":0}}],"categories":[{"name":"Product defects","matchedStatuses":[],"flaky":false}],"tags":["run(order=4)","@pytest.mark.usefixtures('driver')"]},"source":"34aaba925d19e412.json","parameterValues":[]}