{"uid":"3ad2cb775d84ba8f","name":"test_homepage","fullName":"src.tests.test_home#test_homepage","historyId":"50f960a136ab84c41bbe6ce95805462d","time":{"start":1727169411273,"stop":1727169421531,"duration":10258},"status":"failed","statusMessage":"Failed: terdapat error selama pengujian yaitu: Message: \nStacktrace:\nNoSuchElementError: An element could not be located on the page using the given search parameters.\n    at AndroidUiautomator2Driver.findElOrEls (/Users/kevin/.appium/node_modules/appium-uiautomator2-driver/node_modules/appium-android-driver/lib/commands/find.ts:86:11)\n    at processTicksAndRejections (node:internal/process/task_queues:95:5)\n    at AndroidUiautomator2Driver.findElOrElsWithProcessing (/usr/local/lib/node_modules/appium/node_modules/@appium/base-driver/lib/basedriver/commands/find.ts:60:12)\n    at AndroidUiautomator2Driver.findElement (/usr/local/lib/node_modules/appium/node_modules/@appium/base-driver/lib/basedriver/commands/find.ts:75:12)","statusTrace":"driver = <appium.webdriver.webdriver.WebDriver (session=\"32348ada-65f2-4460-9068-aa47a96f44f2\")>\n\n    @pytest.mark.usefixtures(\"driver\")\n    @pytest.mark.run(order=2)\n    def test_homepage(driver):\n        home = HomePage(driver)\n        try:\n            logging.info('Mulai menampilkan homepage')\n>           home.click_hide_button()\n\nsrc/tests/test_home.py:14: \n_ _ _ _ _ _ _ _ _ _ _ _ _ _ _ _ _ _ _ _ _ _ _ _ _ _ _ _ _ _ _ _ _ _ _ _ _ _ _ _ _ _ _ _ _ _ _ _ _ _ _ _ _ _ _ _ _ _ _ _ _ _ _ _ _ _ _ _ _ _ _ _ _ _ _ _ _ _ _\n\nself = <pages.home_page.HomePage object at 0x10da11840>\n\n    def click_hide_button(self):\n        wait = WebDriverWait(self.driver, 10)\n        for _ in range(3):\n>           hide_button = wait.until(EC.element_to_be_clickable((AppiumBy.ID, 'com.mkpmobile.retail.mitramint:id/showcase_button')))\n\nsrc/pages/home_page.py:12: \n_ _ _ _ _ _ _ _ _ _ _ _ _ _ _ _ _ _ _ _ _ _ _ _ _ _ _ _ _ _ _ _ _ _ _ _ _ _ _ _ _ _ _ _ _ _ _ _ _ _ _ _ _ _ _ _ _ _ _ _ _ _ _ _ _ _ _ _ _ _ _ _ _ _ _ _ _ _ _\n\nself = <selenium.webdriver.support.wait.WebDriverWait (session=\"32348ada-65f2-4460-9068-aa47a96f44f2\")>\nmethod = <function element_to_be_clickable.<locals>._predicate at 0x10d9bd990>, message = ''\n\n    def until(self, method: Callable[[D], Union[Literal[False], T]], message: str = \"\") -> T:\n        \"\"\"Calls the method provided with the driver as an argument until the \\\n        return value does not evaluate to ``False``.\n    \n        :param method: callable(WebDriver)\n        :param message: optional message for :exc:`TimeoutException`\n        :returns: the result of the last call to `method`\n        :raises: :exc:`selenium.common.exceptions.TimeoutException` if timeout occurs\n        \"\"\"\n        screen = None\n        stacktrace = None\n    \n        end_time = time.monotonic() + self._timeout\n        while True:\n            try:\n                value = method(self._driver)\n                if value:\n                    return value\n            except self._ignored_exceptions as exc:\n                screen = getattr(exc, \"screen\", None)\n                stacktrace = getattr(exc, \"stacktrace\", None)\n            time.sleep(self._poll)\n            if time.monotonic() > end_time:\n                break\n>       raise TimeoutException(message, screen, stacktrace)\nE       selenium.common.exceptions.TimeoutException: Message: \nE       Stacktrace:\nE       NoSuchElementError: An element could not be located on the page using the given search parameters.\nE           at AndroidUiautomator2Driver.findElOrEls (/Users/kevin/.appium/node_modules/appium-uiautomator2-driver/node_modules/appium-android-driver/lib/commands/find.ts:86:11)\nE           at processTicksAndRejections (node:internal/process/task_queues:95:5)\nE           at AndroidUiautomator2Driver.findElOrElsWithProcessing (/usr/local/lib/node_modules/appium/node_modules/@appium/base-driver/lib/basedriver/commands/find.ts:60:12)\nE           at AndroidUiautomator2Driver.findElement (/usr/local/lib/node_modules/appium/node_modules/@appium/base-driver/lib/basedriver/commands/find.ts:75:12)\n\nvenv/lib/python3.10/site-packages/selenium/webdriver/support/wait.py:105: TimeoutException\n\nDuring handling of the above exception, another exception occurred:\n\ndriver = <appium.webdriver.webdriver.WebDriver (session=\"32348ada-65f2-4460-9068-aa47a96f44f2\")>\n\n    @pytest.mark.usefixtures(\"driver\")\n    @pytest.mark.run(order=2)\n    def test_homepage(driver):\n        home = HomePage(driver)\n        try:\n            logging.info('Mulai menampilkan homepage')\n            home.click_hide_button()\n            home.wait_for_homepage()\n            logging.info('Berhasil menampilkan homepage')\n        except Exception as e:\n            logging.error(f'Terdapat error selama pengujian yaitu: {e}')\n>           pytest.fail(f'terdapat error selama pengujian yaitu: {e}')\nE           Failed: terdapat error selama pengujian yaitu: Message: \nE           Stacktrace:\nE           NoSuchElementError: An element could not be located on the page using the given search parameters.\nE               at AndroidUiautomator2Driver.findElOrEls (/Users/kevin/.appium/node_modules/appium-uiautomator2-driver/node_modules/appium-android-driver/lib/commands/find.ts:86:11)\nE               at processTicksAndRejections (node:internal/process/task_queues:95:5)\nE               at AndroidUiautomator2Driver.findElOrElsWithProcessing (/usr/local/lib/node_modules/appium/node_modules/@appium/base-driver/lib/basedriver/commands/find.ts:60:12)\nE               at AndroidUiautomator2Driver.findElement (/usr/local/lib/node_modules/appium/node_modules/@appium/base-driver/lib/basedriver/commands/find.ts:75:12)\n\nsrc/tests/test_home.py:19: Failed","flaky":false,"newFailed":false,"newBroken":false,"newPassed":false,"retriesCount":0,"retriesStatusChange":false,"beforeStages":[{"name":"driver","time":{"start":1727169398725,"stop":1727169411272,"duration":12547},"status":"passed","steps":[],"attachments":[],"parameters":[],"shouldDisplayMessage":false,"stepsCount":0,"attachmentsCount":0,"hasContent":false,"attachmentStep":false}],"testStage":{"status":"failed","statusMessage":"Failed: terdapat error selama pengujian yaitu: Message: \nStacktrace:\nNoSuchElementError: An element could not be located on the page using the given search parameters.\n    at AndroidUiautomator2Driver.findElOrEls (/Users/kevin/.appium/node_modules/appium-uiautomator2-driver/node_modules/appium-android-driver/lib/commands/find.ts:86:11)\n    at processTicksAndRejections (node:internal/process/task_queues:95:5)\n    at AndroidUiautomator2Driver.findElOrElsWithProcessing (/usr/local/lib/node_modules/appium/node_modules/@appium/base-driver/lib/basedriver/commands/find.ts:60:12)\n    at AndroidUiautomator2Driver.findElement (/usr/local/lib/node_modules/appium/node_modules/@appium/base-driver/lib/basedriver/commands/find.ts:75:12)","statusTrace":"driver = <appium.webdriver.webdriver.WebDriver (session=\"32348ada-65f2-4460-9068-aa47a96f44f2\")>\n\n    @pytest.mark.usefixtures(\"driver\")\n    @pytest.mark.run(order=2)\n    def test_homepage(driver):\n        home = HomePage(driver)\n        try:\n            logging.info('Mulai menampilkan homepage')\n>           home.click_hide_button()\n\nsrc/tests/test_home.py:14: \n_ _ _ _ _ _ _ _ _ _ _ _ _ _ _ _ _ _ _ _ _ _ _ _ _ _ _ _ _ _ _ _ _ _ _ _ _ _ _ _ _ _ _ _ _ _ _ _ _ _ _ _ _ _ _ _ _ _ _ _ _ _ _ _ _ _ _ _ _ _ _ _ _ _ _ _ _ _ _\n\nself = <pages.home_page.HomePage object at 0x10da11840>\n\n    def click_hide_button(self):\n        wait = WebDriverWait(self.driver, 10)\n        for _ in range(3):\n>           hide_button = wait.until(EC.element_to_be_clickable((AppiumBy.ID, 'com.mkpmobile.retail.mitramint:id/showcase_button')))\n\nsrc/pages/home_page.py:12: \n_ _ _ _ _ _ _ _ _ _ _ _ _ _ _ _ _ _ _ _ _ _ _ _ _ _ _ _ _ _ _ _ _ _ _ _ _ _ _ _ _ _ _ _ _ _ _ _ _ _ _ _ _ _ _ _ _ _ _ _ _ _ _ _ _ _ _ _ _ _ _ _ _ _ _ _ _ _ _\n\nself = <selenium.webdriver.support.wait.WebDriverWait (session=\"32348ada-65f2-4460-9068-aa47a96f44f2\")>\nmethod = <function element_to_be_clickable.<locals>._predicate at 0x10d9bd990>, message = ''\n\n    def until(self, method: Callable[[D], Union[Literal[False], T]], message: str = \"\") -> T:\n        \"\"\"Calls the method provided with the driver as an argument until the \\\n        return value does not evaluate to ``False``.\n    \n        :param method: callable(WebDriver)\n        :param message: optional message for :exc:`TimeoutException`\n        :returns: the result of the last call to `method`\n        :raises: :exc:`selenium.common.exceptions.TimeoutException` if timeout occurs\n        \"\"\"\n        screen = None\n        stacktrace = None\n    \n        end_time = time.monotonic() + self._timeout\n        while True:\n            try:\n                value = method(self._driver)\n                if value:\n                    return value\n            except self._ignored_exceptions as exc:\n                screen = getattr(exc, \"screen\", None)\n                stacktrace = getattr(exc, \"stacktrace\", None)\n            time.sleep(self._poll)\n            if time.monotonic() > end_time:\n                break\n>       raise TimeoutException(message, screen, stacktrace)\nE       selenium.common.exceptions.TimeoutException: Message: \nE       Stacktrace:\nE       NoSuchElementError: An element could not be located on the page using the given search parameters.\nE           at AndroidUiautomator2Driver.findElOrEls (/Users/kevin/.appium/node_modules/appium-uiautomator2-driver/node_modules/appium-android-driver/lib/commands/find.ts:86:11)\nE           at processTicksAndRejections (node:internal/process/task_queues:95:5)\nE           at AndroidUiautomator2Driver.findElOrElsWithProcessing (/usr/local/lib/node_modules/appium/node_modules/@appium/base-driver/lib/basedriver/commands/find.ts:60:12)\nE           at AndroidUiautomator2Driver.findElement (/usr/local/lib/node_modules/appium/node_modules/@appium/base-driver/lib/basedriver/commands/find.ts:75:12)\n\nvenv/lib/python3.10/site-packages/selenium/webdriver/support/wait.py:105: TimeoutException\n\nDuring handling of the above exception, another exception occurred:\n\ndriver = <appium.webdriver.webdriver.WebDriver (session=\"32348ada-65f2-4460-9068-aa47a96f44f2\")>\n\n    @pytest.mark.usefixtures(\"driver\")\n    @pytest.mark.run(order=2)\n    def test_homepage(driver):\n        home = HomePage(driver)\n        try:\n            logging.info('Mulai menampilkan homepage')\n            home.click_hide_button()\n            home.wait_for_homepage()\n            logging.info('Berhasil menampilkan homepage')\n        except Exception as e:\n            logging.error(f'Terdapat error selama pengujian yaitu: {e}')\n>           pytest.fail(f'terdapat error selama pengujian yaitu: {e}')\nE           Failed: terdapat error selama pengujian yaitu: Message: \nE           Stacktrace:\nE           NoSuchElementError: An element could not be located on the page using the given search parameters.\nE               at AndroidUiautomator2Driver.findElOrEls (/Users/kevin/.appium/node_modules/appium-uiautomator2-driver/node_modules/appium-android-driver/lib/commands/find.ts:86:11)\nE               at processTicksAndRejections (node:internal/process/task_queues:95:5)\nE               at AndroidUiautomator2Driver.findElOrElsWithProcessing (/usr/local/lib/node_modules/appium/node_modules/@appium/base-driver/lib/basedriver/commands/find.ts:60:12)\nE               at AndroidUiautomator2Driver.findElement (/usr/local/lib/node_modules/appium/node_modules/@appium/base-driver/lib/basedriver/commands/find.ts:75:12)\n\nsrc/tests/test_home.py:19: Failed","steps":[],"attachments":[{"uid":"8ac4515e35cfb602","name":"log","source":"8ac4515e35cfb602.txt","type":"text/plain","size":766}],"parameters":[],"shouldDisplayMessage":true,"stepsCount":0,"attachmentsCount":1,"hasContent":true,"attachmentStep":false},"afterStages":[{"name":"driver::0","time":{"start":1727169421756,"stop":1727169422458,"duration":702},"status":"passed","steps":[],"attachments":[],"parameters":[],"shouldDisplayMessage":false,"stepsCount":0,"attachmentsCount":0,"hasContent":false,"attachmentStep":false}],"labels":[{"name":"tag","value":"run(order=2)"},{"name":"tag","value":"@pytest.mark.usefixtures('driver')"},{"name":"parentSuite","value":"src.tests"},{"name":"suite","value":"test_home"},{"name":"host","value":"macbooks-MacBook-Air.local"},{"name":"thread","value":"26553-MainThread"},{"name":"framework","value":"pytest"},{"name":"language","value":"cpython3"},{"name":"package","value":"src.tests.test_home"},{"name":"resultFormat","value":"allure2"}],"parameters":[],"links":[],"hidden":true,"retry":true,"extra":{"categories":[],"tags":["run(order=2)","@pytest.mark.usefixtures('driver')"]},"source":"3ad2cb775d84ba8f.json","parameterValues":[]}