{"uid":"3afae0eec0d3cf7a","name":"test_payment_credit","fullName":"src.tests.test_poskasir#test_payment_credit","historyId":"7ff890e6267eb357b043b8b9e92548b6","time":{"start":1727250239008,"stop":1727250261292,"duration":22284},"status":"failed","statusMessage":"Failed: terdapat error selama pengujian yaitu: Message: \nStacktrace:\nNoSuchElementError: An element could not be located on the page using the given search parameters.\n    at AndroidUiautomator2Driver.findElOrEls (/Users/kevin/.appium/node_modules/appium-uiautomator2-driver/node_modules/appium-android-driver/lib/commands/find.ts:86:11)\n    at processTicksAndRejections (node:internal/process/task_queues:95:5)\n    at AndroidUiautomator2Driver.findElOrElsWithProcessing (/usr/local/lib/node_modules/appium/node_modules/@appium/base-driver/lib/basedriver/commands/find.ts:60:12)\n    at AndroidUiautomator2Driver.findElement (/usr/local/lib/node_modules/appium/node_modules/@appium/base-driver/lib/basedriver/commands/find.ts:75:12)","statusTrace":"driver = <appium.webdriver.webdriver.WebDriver (session=\"0b221352-2b6c-4c4a-b8ae-d143de1c78c3\")>\n\n    @pytest.mark.usefixtures('driver')\n    @pytest.mark.run(order=4)\n    # def test_payment_tunai(driver):\n    #     tunai = PaymentTunai(driver)\n    #     try:\n    #         logging.info('Mulai pengujian pembayaran tunai')\n    #         tunai.click_menu_poskasir()\n    #         tunai.search_product('Kopi')\n    #         tunai.button_add_product()\n    #         tunai.button_checkout_product()\n    #         tunai.button_add_discount()\n    #         tunai.add_nominal_discount('500')\n    #         tunai.button_confirm_discount()\n    #         tunai.button_note_product()\n    #         tunai.add_note_product('less sugar')\n    #         driver.back()\n    #         tunai.button_save_note()\n    #         tunai.click_next_checkout()\n    #         tunai.payment_tunai()\n    #         tunai.button_bayar_payment()\n    #         tunai.button_confirm_payment_tunai()\n    #         tunai.button_bayar_tunai()\n    #         tunai.success_page()\n    #         time.sleep(10)\n    #         tunai.reprint_struk()\n    #         time.sleep(10)\n    #         tunai.button_back()\n    #         tunai.poskasir_page()\n    #         logging.info(\"Pembayaran tunai berhasil\")\n    #     except Exception as e :\n    #         logging.error(f'Terdapat error selama pengujian yaitu: {e}')\n    #         pytest.fail(f'terdapat error selama pengujian yaitu: {e}')\n    \n    # def test_payment_debit(driver):\n    #     debit = PaymentDebit(driver)\n    #     try:\n    #         logging.info('Mulai pengujian pembayaran debit')\n    #         debit.search_product('Kopi')\n    #         debit.button_add_product()\n    #         debit.button_checkout_product()\n    #         debit.click_next_checkout()\n    #         debit.payment_debit()\n    #         debit.button_bayar_payment()\n    #         debit.button_confirm_payment_debit()\n    #         debit.insert_card_page()\n    #         time.sleep(15)\n    #         debit.confirm_payment_debit()\n    #         time.sleep(15)\n    #         debit.input_PIN_debit()\n    #         time.sleep(30)\n    #         debit.success_page()\n    #         time.sleep(10)\n    #         debit.reprint_struk()\n    #         time.sleep(10)\n    #         debit.button_back()\n    #         debit.poskasir_page()\n    #         logging.info(\"Pembayaran debit berhasil\")\n    #     except Exception as e :\n    #         logging.error(f'Terdapat error selama pengujian yaitu: {e}')\n    #         pytest.fail(f'terdapat error selama pengujian yaitu: {e}')\n    \n    def test_payment_credit(driver):\n        credit = PaymentCredit(driver)\n        try:\n            logging.info('Mulai pengujian pembayaran debit')\n            credit.click_menu_poskasir()\n            credit.search_product('Kopi')\n            credit.button_add_product()\n            credit.button_checkout_product()\n            credit.click_next_checkout()\n            credit.scroll_to_credit()\n            credit.button_bayar_payment()\n            credit.button_confirm_payment_credit()\n>           credit.insert_card_page()\n\nsrc/tests/test_poskasir.py:82: \n_ _ _ _ _ _ _ _ _ _ _ _ _ _ _ _ _ _ _ _ _ _ _ _ _ _ _ _ _ _ _ _ _ _ _ _ _ _ _ _ _ _ _ _ _ _ _ _ _ _ _ _ _ _ _ _ _ _ _ _ _ _ _ _ _ _ _ _ _ _ _ _ _ _ _ _ _ _ _\n\nself = <pages.poskasir_page.PaymentCredit object at 0x10ce9f850>\n\n    def insert_card_page(self):\n>       WebDriverWait(self.driver, 10).until(EC.presence_of_element_located((AppiumBy.ID, 'com.mkpmobile.retail.mitramint:id/layLoading2')))\n\nsrc/pages/poskasir_page.py:125: \n_ _ _ _ _ _ _ _ _ _ _ _ _ _ _ _ _ _ _ _ _ _ _ _ _ _ _ _ _ _ _ _ _ _ _ _ _ _ _ _ _ _ _ _ _ _ _ _ _ _ _ _ _ _ _ _ _ _ _ _ _ _ _ _ _ _ _ _ _ _ _ _ _ _ _ _ _ _ _\n\nself = <selenium.webdriver.support.wait.WebDriverWait (session=\"0b221352-2b6c-4c4a-b8ae-d143de1c78c3\")>\nmethod = <function presence_of_element_located.<locals>._predicate at 0x10ce82050>, message = ''\n\n    def until(self, method: Callable[[D], Union[Literal[False], T]], message: str = \"\") -> T:\n        \"\"\"Calls the method provided with the driver as an argument until the \\\n        return value does not evaluate to ``False``.\n    \n        :param method: callable(WebDriver)\n        :param message: optional message for :exc:`TimeoutException`\n        :returns: the result of the last call to `method`\n        :raises: :exc:`selenium.common.exceptions.TimeoutException` if timeout occurs\n        \"\"\"\n        screen = None\n        stacktrace = None\n    \n        end_time = time.monotonic() + self._timeout\n        while True:\n            try:\n                value = method(self._driver)\n                if value:\n                    return value\n            except self._ignored_exceptions as exc:\n                screen = getattr(exc, \"screen\", None)\n                stacktrace = getattr(exc, \"stacktrace\", None)\n            time.sleep(self._poll)\n            if time.monotonic() > end_time:\n                break\n>       raise TimeoutException(message, screen, stacktrace)\nE       selenium.common.exceptions.TimeoutException: Message: \nE       Stacktrace:\nE       NoSuchElementError: An element could not be located on the page using the given search parameters.\nE           at AndroidUiautomator2Driver.findElOrEls (/Users/kevin/.appium/node_modules/appium-uiautomator2-driver/node_modules/appium-android-driver/lib/commands/find.ts:86:11)\nE           at processTicksAndRejections (node:internal/process/task_queues:95:5)\nE           at AndroidUiautomator2Driver.findElOrElsWithProcessing (/usr/local/lib/node_modules/appium/node_modules/@appium/base-driver/lib/basedriver/commands/find.ts:60:12)\nE           at AndroidUiautomator2Driver.findElement (/usr/local/lib/node_modules/appium/node_modules/@appium/base-driver/lib/basedriver/commands/find.ts:75:12)\n\nvenv/lib/python3.10/site-packages/selenium/webdriver/support/wait.py:105: TimeoutException\n\nDuring handling of the above exception, another exception occurred:\n\ndriver = <appium.webdriver.webdriver.WebDriver (session=\"0b221352-2b6c-4c4a-b8ae-d143de1c78c3\")>\n\n    @pytest.mark.usefixtures('driver')\n    @pytest.mark.run(order=4)\n    # def test_payment_tunai(driver):\n    #     tunai = PaymentTunai(driver)\n    #     try:\n    #         logging.info('Mulai pengujian pembayaran tunai')\n    #         tunai.click_menu_poskasir()\n    #         tunai.search_product('Kopi')\n    #         tunai.button_add_product()\n    #         tunai.button_checkout_product()\n    #         tunai.button_add_discount()\n    #         tunai.add_nominal_discount('500')\n    #         tunai.button_confirm_discount()\n    #         tunai.button_note_product()\n    #         tunai.add_note_product('less sugar')\n    #         driver.back()\n    #         tunai.button_save_note()\n    #         tunai.click_next_checkout()\n    #         tunai.payment_tunai()\n    #         tunai.button_bayar_payment()\n    #         tunai.button_confirm_payment_tunai()\n    #         tunai.button_bayar_tunai()\n    #         tunai.success_page()\n    #         time.sleep(10)\n    #         tunai.reprint_struk()\n    #         time.sleep(10)\n    #         tunai.button_back()\n    #         tunai.poskasir_page()\n    #         logging.info(\"Pembayaran tunai berhasil\")\n    #     except Exception as e :\n    #         logging.error(f'Terdapat error selama pengujian yaitu: {e}')\n    #         pytest.fail(f'terdapat error selama pengujian yaitu: {e}')\n    \n    # def test_payment_debit(driver):\n    #     debit = PaymentDebit(driver)\n    #     try:\n    #         logging.info('Mulai pengujian pembayaran debit')\n    #         debit.search_product('Kopi')\n    #         debit.button_add_product()\n    #         debit.button_checkout_product()\n    #         debit.click_next_checkout()\n    #         debit.payment_debit()\n    #         debit.button_bayar_payment()\n    #         debit.button_confirm_payment_debit()\n    #         debit.insert_card_page()\n    #         time.sleep(15)\n    #         debit.confirm_payment_debit()\n    #         time.sleep(15)\n    #         debit.input_PIN_debit()\n    #         time.sleep(30)\n    #         debit.success_page()\n    #         time.sleep(10)\n    #         debit.reprint_struk()\n    #         time.sleep(10)\n    #         debit.button_back()\n    #         debit.poskasir_page()\n    #         logging.info(\"Pembayaran debit berhasil\")\n    #     except Exception as e :\n    #         logging.error(f'Terdapat error selama pengujian yaitu: {e}')\n    #         pytest.fail(f'terdapat error selama pengujian yaitu: {e}')\n    \n    def test_payment_credit(driver):\n        credit = PaymentCredit(driver)\n        try:\n            logging.info('Mulai pengujian pembayaran debit')\n            credit.click_menu_poskasir()\n            credit.search_product('Kopi')\n            credit.button_add_product()\n            credit.button_checkout_product()\n            credit.click_next_checkout()\n            credit.scroll_to_credit()\n            credit.button_bayar_payment()\n            credit.button_confirm_payment_credit()\n            credit.insert_card_page()\n            time.sleep(10)\n            credit.confirm_payment_credit()\n            time.sleep(15)\n            credit.input_PIN_credit()\n            time.sleep(30)\n            credit.success_page()\n            time.sleep(10)\n            credit.reprint_struk()\n            time.sleep(10)\n            credit.button_back()\n            credit.poskasir_page()\n            logging.info(\"Pembayaran credit berhasil\")\n        except Exception as e :\n            logging.error(f'Terdapat error selama pengujian yaitu: {e}')\n>           pytest.fail(f'terdapat error selama pengujian yaitu: {e}')\nE           Failed: terdapat error selama pengujian yaitu: Message: \nE           Stacktrace:\nE           NoSuchElementError: An element could not be located on the page using the given search parameters.\nE               at AndroidUiautomator2Driver.findElOrEls (/Users/kevin/.appium/node_modules/appium-uiautomator2-driver/node_modules/appium-android-driver/lib/commands/find.ts:86:11)\nE               at processTicksAndRejections (node:internal/process/task_queues:95:5)\nE               at AndroidUiautomator2Driver.findElOrElsWithProcessing (/usr/local/lib/node_modules/appium/node_modules/@appium/base-driver/lib/basedriver/commands/find.ts:60:12)\nE               at AndroidUiautomator2Driver.findElement (/usr/local/lib/node_modules/appium/node_modules/@appium/base-driver/lib/basedriver/commands/find.ts:75:12)\n\nsrc/tests/test_poskasir.py:97: Failed","flaky":false,"newFailed":false,"newBroken":false,"newPassed":false,"retriesCount":0,"retriesStatusChange":false,"beforeStages":[{"name":"driver","time":{"start":1727250205887,"stop":1727250219045,"duration":13158},"status":"passed","steps":[],"attachments":[],"parameters":[],"shouldDisplayMessage":false,"stepsCount":0,"attachmentsCount":0,"hasContent":false,"attachmentStep":false}],"testStage":{"status":"failed","statusMessage":"Failed: terdapat error selama pengujian yaitu: Message: \nStacktrace:\nNoSuchElementError: An element could not be located on the page using the given search parameters.\n    at AndroidUiautomator2Driver.findElOrEls (/Users/kevin/.appium/node_modules/appium-uiautomator2-driver/node_modules/appium-android-driver/lib/commands/find.ts:86:11)\n    at processTicksAndRejections (node:internal/process/task_queues:95:5)\n    at AndroidUiautomator2Driver.findElOrElsWithProcessing (/usr/local/lib/node_modules/appium/node_modules/@appium/base-driver/lib/basedriver/commands/find.ts:60:12)\n    at AndroidUiautomator2Driver.findElement (/usr/local/lib/node_modules/appium/node_modules/@appium/base-driver/lib/basedriver/commands/find.ts:75:12)","statusTrace":"driver = <appium.webdriver.webdriver.WebDriver (session=\"0b221352-2b6c-4c4a-b8ae-d143de1c78c3\")>\n\n    @pytest.mark.usefixtures('driver')\n    @pytest.mark.run(order=4)\n    # def test_payment_tunai(driver):\n    #     tunai = PaymentTunai(driver)\n    #     try:\n    #         logging.info('Mulai pengujian pembayaran tunai')\n    #         tunai.click_menu_poskasir()\n    #         tunai.search_product('Kopi')\n    #         tunai.button_add_product()\n    #         tunai.button_checkout_product()\n    #         tunai.button_add_discount()\n    #         tunai.add_nominal_discount('500')\n    #         tunai.button_confirm_discount()\n    #         tunai.button_note_product()\n    #         tunai.add_note_product('less sugar')\n    #         driver.back()\n    #         tunai.button_save_note()\n    #         tunai.click_next_checkout()\n    #         tunai.payment_tunai()\n    #         tunai.button_bayar_payment()\n    #         tunai.button_confirm_payment_tunai()\n    #         tunai.button_bayar_tunai()\n    #         tunai.success_page()\n    #         time.sleep(10)\n    #         tunai.reprint_struk()\n    #         time.sleep(10)\n    #         tunai.button_back()\n    #         tunai.poskasir_page()\n    #         logging.info(\"Pembayaran tunai berhasil\")\n    #     except Exception as e :\n    #         logging.error(f'Terdapat error selama pengujian yaitu: {e}')\n    #         pytest.fail(f'terdapat error selama pengujian yaitu: {e}')\n    \n    # def test_payment_debit(driver):\n    #     debit = PaymentDebit(driver)\n    #     try:\n    #         logging.info('Mulai pengujian pembayaran debit')\n    #         debit.search_product('Kopi')\n    #         debit.button_add_product()\n    #         debit.button_checkout_product()\n    #         debit.click_next_checkout()\n    #         debit.payment_debit()\n    #         debit.button_bayar_payment()\n    #         debit.button_confirm_payment_debit()\n    #         debit.insert_card_page()\n    #         time.sleep(15)\n    #         debit.confirm_payment_debit()\n    #         time.sleep(15)\n    #         debit.input_PIN_debit()\n    #         time.sleep(30)\n    #         debit.success_page()\n    #         time.sleep(10)\n    #         debit.reprint_struk()\n    #         time.sleep(10)\n    #         debit.button_back()\n    #         debit.poskasir_page()\n    #         logging.info(\"Pembayaran debit berhasil\")\n    #     except Exception as e :\n    #         logging.error(f'Terdapat error selama pengujian yaitu: {e}')\n    #         pytest.fail(f'terdapat error selama pengujian yaitu: {e}')\n    \n    def test_payment_credit(driver):\n        credit = PaymentCredit(driver)\n        try:\n            logging.info('Mulai pengujian pembayaran debit')\n            credit.click_menu_poskasir()\n            credit.search_product('Kopi')\n            credit.button_add_product()\n            credit.button_checkout_product()\n            credit.click_next_checkout()\n            credit.scroll_to_credit()\n            credit.button_bayar_payment()\n            credit.button_confirm_payment_credit()\n>           credit.insert_card_page()\n\nsrc/tests/test_poskasir.py:82: \n_ _ _ _ _ _ _ _ _ _ _ _ _ _ _ _ _ _ _ _ _ _ _ _ _ _ _ _ _ _ _ _ _ _ _ _ _ _ _ _ _ _ _ _ _ _ _ _ _ _ _ _ _ _ _ _ _ _ _ _ _ _ _ _ _ _ _ _ _ _ _ _ _ _ _ _ _ _ _\n\nself = <pages.poskasir_page.PaymentCredit object at 0x10ce9f850>\n\n    def insert_card_page(self):\n>       WebDriverWait(self.driver, 10).until(EC.presence_of_element_located((AppiumBy.ID, 'com.mkpmobile.retail.mitramint:id/layLoading2')))\n\nsrc/pages/poskasir_page.py:125: \n_ _ _ _ _ _ _ _ _ _ _ _ _ _ _ _ _ _ _ _ _ _ _ _ _ _ _ _ _ _ _ _ _ _ _ _ _ _ _ _ _ _ _ _ _ _ _ _ _ _ _ _ _ _ _ _ _ _ _ _ _ _ _ _ _ _ _ _ _ _ _ _ _ _ _ _ _ _ _\n\nself = <selenium.webdriver.support.wait.WebDriverWait (session=\"0b221352-2b6c-4c4a-b8ae-d143de1c78c3\")>\nmethod = <function presence_of_element_located.<locals>._predicate at 0x10ce82050>, message = ''\n\n    def until(self, method: Callable[[D], Union[Literal[False], T]], message: str = \"\") -> T:\n        \"\"\"Calls the method provided with the driver as an argument until the \\\n        return value does not evaluate to ``False``.\n    \n        :param method: callable(WebDriver)\n        :param message: optional message for :exc:`TimeoutException`\n        :returns: the result of the last call to `method`\n        :raises: :exc:`selenium.common.exceptions.TimeoutException` if timeout occurs\n        \"\"\"\n        screen = None\n        stacktrace = None\n    \n        end_time = time.monotonic() + self._timeout\n        while True:\n            try:\n                value = method(self._driver)\n                if value:\n                    return value\n            except self._ignored_exceptions as exc:\n                screen = getattr(exc, \"screen\", None)\n                stacktrace = getattr(exc, \"stacktrace\", None)\n            time.sleep(self._poll)\n            if time.monotonic() > end_time:\n                break\n>       raise TimeoutException(message, screen, stacktrace)\nE       selenium.common.exceptions.TimeoutException: Message: \nE       Stacktrace:\nE       NoSuchElementError: An element could not be located on the page using the given search parameters.\nE           at AndroidUiautomator2Driver.findElOrEls (/Users/kevin/.appium/node_modules/appium-uiautomator2-driver/node_modules/appium-android-driver/lib/commands/find.ts:86:11)\nE           at processTicksAndRejections (node:internal/process/task_queues:95:5)\nE           at AndroidUiautomator2Driver.findElOrElsWithProcessing (/usr/local/lib/node_modules/appium/node_modules/@appium/base-driver/lib/basedriver/commands/find.ts:60:12)\nE           at AndroidUiautomator2Driver.findElement (/usr/local/lib/node_modules/appium/node_modules/@appium/base-driver/lib/basedriver/commands/find.ts:75:12)\n\nvenv/lib/python3.10/site-packages/selenium/webdriver/support/wait.py:105: TimeoutException\n\nDuring handling of the above exception, another exception occurred:\n\ndriver = <appium.webdriver.webdriver.WebDriver (session=\"0b221352-2b6c-4c4a-b8ae-d143de1c78c3\")>\n\n    @pytest.mark.usefixtures('driver')\n    @pytest.mark.run(order=4)\n    # def test_payment_tunai(driver):\n    #     tunai = PaymentTunai(driver)\n    #     try:\n    #         logging.info('Mulai pengujian pembayaran tunai')\n    #         tunai.click_menu_poskasir()\n    #         tunai.search_product('Kopi')\n    #         tunai.button_add_product()\n    #         tunai.button_checkout_product()\n    #         tunai.button_add_discount()\n    #         tunai.add_nominal_discount('500')\n    #         tunai.button_confirm_discount()\n    #         tunai.button_note_product()\n    #         tunai.add_note_product('less sugar')\n    #         driver.back()\n    #         tunai.button_save_note()\n    #         tunai.click_next_checkout()\n    #         tunai.payment_tunai()\n    #         tunai.button_bayar_payment()\n    #         tunai.button_confirm_payment_tunai()\n    #         tunai.button_bayar_tunai()\n    #         tunai.success_page()\n    #         time.sleep(10)\n    #         tunai.reprint_struk()\n    #         time.sleep(10)\n    #         tunai.button_back()\n    #         tunai.poskasir_page()\n    #         logging.info(\"Pembayaran tunai berhasil\")\n    #     except Exception as e :\n    #         logging.error(f'Terdapat error selama pengujian yaitu: {e}')\n    #         pytest.fail(f'terdapat error selama pengujian yaitu: {e}')\n    \n    # def test_payment_debit(driver):\n    #     debit = PaymentDebit(driver)\n    #     try:\n    #         logging.info('Mulai pengujian pembayaran debit')\n    #         debit.search_product('Kopi')\n    #         debit.button_add_product()\n    #         debit.button_checkout_product()\n    #         debit.click_next_checkout()\n    #         debit.payment_debit()\n    #         debit.button_bayar_payment()\n    #         debit.button_confirm_payment_debit()\n    #         debit.insert_card_page()\n    #         time.sleep(15)\n    #         debit.confirm_payment_debit()\n    #         time.sleep(15)\n    #         debit.input_PIN_debit()\n    #         time.sleep(30)\n    #         debit.success_page()\n    #         time.sleep(10)\n    #         debit.reprint_struk()\n    #         time.sleep(10)\n    #         debit.button_back()\n    #         debit.poskasir_page()\n    #         logging.info(\"Pembayaran debit berhasil\")\n    #     except Exception as e :\n    #         logging.error(f'Terdapat error selama pengujian yaitu: {e}')\n    #         pytest.fail(f'terdapat error selama pengujian yaitu: {e}')\n    \n    def test_payment_credit(driver):\n        credit = PaymentCredit(driver)\n        try:\n            logging.info('Mulai pengujian pembayaran debit')\n            credit.click_menu_poskasir()\n            credit.search_product('Kopi')\n            credit.button_add_product()\n            credit.button_checkout_product()\n            credit.click_next_checkout()\n            credit.scroll_to_credit()\n            credit.button_bayar_payment()\n            credit.button_confirm_payment_credit()\n            credit.insert_card_page()\n            time.sleep(10)\n            credit.confirm_payment_credit()\n            time.sleep(15)\n            credit.input_PIN_credit()\n            time.sleep(30)\n            credit.success_page()\n            time.sleep(10)\n            credit.reprint_struk()\n            time.sleep(10)\n            credit.button_back()\n            credit.poskasir_page()\n            logging.info(\"Pembayaran credit berhasil\")\n        except Exception as e :\n            logging.error(f'Terdapat error selama pengujian yaitu: {e}')\n>           pytest.fail(f'terdapat error selama pengujian yaitu: {e}')\nE           Failed: terdapat error selama pengujian yaitu: Message: \nE           Stacktrace:\nE           NoSuchElementError: An element could not be located on the page using the given search parameters.\nE               at AndroidUiautomator2Driver.findElOrEls (/Users/kevin/.appium/node_modules/appium-uiautomator2-driver/node_modules/appium-android-driver/lib/commands/find.ts:86:11)\nE               at processTicksAndRejections (node:internal/process/task_queues:95:5)\nE               at AndroidUiautomator2Driver.findElOrElsWithProcessing (/usr/local/lib/node_modules/appium/node_modules/@appium/base-driver/lib/basedriver/commands/find.ts:60:12)\nE               at AndroidUiautomator2Driver.findElement (/usr/local/lib/node_modules/appium/node_modules/@appium/base-driver/lib/basedriver/commands/find.ts:75:12)\n\nsrc/tests/test_poskasir.py:97: Failed","steps":[],"attachments":[{"uid":"ff88f732121dc27c","name":"log","source":"ff88f732121dc27c.txt","type":"text/plain","size":770}],"parameters":[],"shouldDisplayMessage":true,"stepsCount":0,"attachmentsCount":1,"hasContent":true,"attachmentStep":false},"afterStages":[{"name":"driver::0","time":{"start":1727250261667,"stop":1727250262512,"duration":845},"status":"passed","steps":[],"attachments":[],"parameters":[],"shouldDisplayMessage":false,"stepsCount":0,"attachmentsCount":0,"hasContent":false,"attachmentStep":false}],"labels":[{"name":"tag","value":"run(order=4)"},{"name":"tag","value":"@pytest.mark.usefixtures('driver')"},{"name":"parentSuite","value":"src.tests"},{"name":"suite","value":"test_poskasir"},{"name":"host","value":"macbooks-MacBook-Air.local"},{"name":"thread","value":"33667-MainThread"},{"name":"framework","value":"pytest"},{"name":"language","value":"cpython3"},{"name":"package","value":"src.tests.test_poskasir"},{"name":"resultFormat","value":"allure2"}],"parameters":[],"links":[],"hidden":true,"retry":true,"extra":{"categories":[],"tags":["run(order=4)","@pytest.mark.usefixtures('driver')"]},"source":"3afae0eec0d3cf7a.json","parameterValues":[]}