{"uid":"5daf3024051f705e","name":"test_payment_tunai","fullName":"src.tests.test_poskasir#test_payment_tunai","historyId":"62f31bbcba6e1c3e17385fb6e7c7faf9","time":{"start":1727083264542,"stop":1727083280945,"duration":16403},"status":"failed","statusMessage":"Failed: terdapat error selama pengujian yaitu: Message: \nStacktrace:\nNoSuchElementError: An element could not be located on the page using the given search parameters.\n    at AndroidUiautomator2Driver.findElOrEls (/Users/kevin/.appium/node_modules/appium-uiautomator2-driver/node_modules/appium-android-driver/lib/commands/find.ts:86:11)\n    at processTicksAndRejections (node:internal/process/task_queues:95:5)\n    at AndroidUiautomator2Driver.findElOrElsWithProcessing (/usr/local/lib/node_modules/appium/node_modules/@appium/base-driver/lib/basedriver/commands/find.ts:60:12)\n    at AndroidUiautomator2Driver.findElement (/usr/local/lib/node_modules/appium/node_modules/@appium/base-driver/lib/basedriver/commands/find.ts:75:12)","statusTrace":"driver = <appium.webdriver.webdriver.WebDriver (session=\"6d3a0291-2ded-43dc-ab32-ad3e1406f112\")>\n\n    @pytest.mark.usefixtures('driver')\n    @pytest.mark.run(order=4)\n    def test_payment_tunai(driver):\n        tunai = PaymentTunai(driver)\n        try:\n            logging.info('Mulai pengujian pembayaran tunai')\n            tunai.click_menu_poskasir()\n            tunai.search_product('Kopi')\n            driver.back()\n>           tunai.button_add_product()\n\nsrc/tests/test_poskasir.py:18: \n_ _ _ _ _ _ _ _ _ _ _ _ _ _ _ _ _ _ _ _ _ _ _ _ _ _ _ _ _ _ _ _ _ _ _ _ _ _ _ _ _ _ _ _ _ _ _ _ _ _ _ _ _ _ _ _ _ _ _ _ _ _ _ _ _ _ _ _ _ _ _ _ _ _ _ _ _ _ _\n\nself = <pages.poskasir_page.PaymentTunai object at 0x107ab02e0>\n\n    def button_add_product(self):\n>       add_product_poskasir = WebDriverWait(self.driver, 10).until(EC.element_to_be_clickable((AppiumBy.ANDROID_UIAUTOMATOR, 'new UiSelector().text(\"Tambah\")')))\n\nsrc/pages/poskasir_page.py:18: \n_ _ _ _ _ _ _ _ _ _ _ _ _ _ _ _ _ _ _ _ _ _ _ _ _ _ _ _ _ _ _ _ _ _ _ _ _ _ _ _ _ _ _ _ _ _ _ _ _ _ _ _ _ _ _ _ _ _ _ _ _ _ _ _ _ _ _ _ _ _ _ _ _ _ _ _ _ _ _\n\nself = <selenium.webdriver.support.wait.WebDriverWait (session=\"6d3a0291-2ded-43dc-ab32-ad3e1406f112\")>\nmethod = <function element_to_be_clickable.<locals>._predicate at 0x107aa5fc0>, message = ''\n\n    def until(self, method: Callable[[D], Union[Literal[False], T]], message: str = \"\") -> T:\n        \"\"\"Calls the method provided with the driver as an argument until the \\\n        return value does not evaluate to ``False``.\n    \n        :param method: callable(WebDriver)\n        :param message: optional message for :exc:`TimeoutException`\n        :returns: the result of the last call to `method`\n        :raises: :exc:`selenium.common.exceptions.TimeoutException` if timeout occurs\n        \"\"\"\n        screen = None\n        stacktrace = None\n    \n        end_time = time.monotonic() + self._timeout\n        while True:\n            try:\n                value = method(self._driver)\n                if value:\n                    return value\n            except self._ignored_exceptions as exc:\n                screen = getattr(exc, \"screen\", None)\n                stacktrace = getattr(exc, \"stacktrace\", None)\n            time.sleep(self._poll)\n            if time.monotonic() > end_time:\n                break\n>       raise TimeoutException(message, screen, stacktrace)\nE       selenium.common.exceptions.TimeoutException: Message: \nE       Stacktrace:\nE       NoSuchElementError: An element could not be located on the page using the given search parameters.\nE           at AndroidUiautomator2Driver.findElOrEls (/Users/kevin/.appium/node_modules/appium-uiautomator2-driver/node_modules/appium-android-driver/lib/commands/find.ts:86:11)\nE           at processTicksAndRejections (node:internal/process/task_queues:95:5)\nE           at AndroidUiautomator2Driver.findElOrElsWithProcessing (/usr/local/lib/node_modules/appium/node_modules/@appium/base-driver/lib/basedriver/commands/find.ts:60:12)\nE           at AndroidUiautomator2Driver.findElement (/usr/local/lib/node_modules/appium/node_modules/@appium/base-driver/lib/basedriver/commands/find.ts:75:12)\n\nvenv/lib/python3.10/site-packages/selenium/webdriver/support/wait.py:105: TimeoutException\n\nDuring handling of the above exception, another exception occurred:\n\ndriver = <appium.webdriver.webdriver.WebDriver (session=\"6d3a0291-2ded-43dc-ab32-ad3e1406f112\")>\n\n    @pytest.mark.usefixtures('driver')\n    @pytest.mark.run(order=4)\n    def test_payment_tunai(driver):\n        tunai = PaymentTunai(driver)\n        try:\n            logging.info('Mulai pengujian pembayaran tunai')\n            tunai.click_menu_poskasir()\n            tunai.search_product('Kopi')\n            driver.back()\n            tunai.button_add_product()\n            tunai.button_checkout_product()\n            tunai.button_add_discount()\n            tunai.add_nominal_discount('500')\n            tunai.button_confirm_discount()\n            tunai.button_note_product()\n            tunai.add_note_product('less sugar')\n            driver.back()\n            tunai.button_save_note()\n            tunai.click_next_checkout()\n            tunai.payment_tunai()\n            tunai.button_bayar_payment()\n            tunai.button_confirm_payment_tunai()\n            tunai.button_bayar_tunai()\n            tunai.success_page()\n            time.sleep(10)\n            tunai.reprint_struk_tunai()\n            time.sleep(10)\n            tunai.button_back()\n            logging.info(\"Pembayaran tunai berhasil\")\n        except Exception as e :\n            logging.error(f'Terdapat error selama pengujian yaitu: {e}')\n>           pytest.fail(f'terdapat error selama pengujian yaitu: {e}')\nE           Failed: terdapat error selama pengujian yaitu: Message: \nE           Stacktrace:\nE           NoSuchElementError: An element could not be located on the page using the given search parameters.\nE               at AndroidUiautomator2Driver.findElOrEls (/Users/kevin/.appium/node_modules/appium-uiautomator2-driver/node_modules/appium-android-driver/lib/commands/find.ts:86:11)\nE               at processTicksAndRejections (node:internal/process/task_queues:95:5)\nE               at AndroidUiautomator2Driver.findElOrElsWithProcessing (/usr/local/lib/node_modules/appium/node_modules/@appium/base-driver/lib/basedriver/commands/find.ts:60:12)\nE               at AndroidUiautomator2Driver.findElement (/usr/local/lib/node_modules/appium/node_modules/@appium/base-driver/lib/basedriver/commands/find.ts:75:12)\n\nsrc/tests/test_poskasir.py:40: Failed","flaky":false,"newFailed":false,"newBroken":false,"newPassed":false,"retriesCount":0,"retriesStatusChange":false,"beforeStages":[{"name":"driver","time":{"start":1727083231209,"stop":1727083244839,"duration":13630},"status":"passed","steps":[],"attachments":[],"parameters":[],"shouldDisplayMessage":false,"stepsCount":0,"attachmentsCount":0,"hasContent":false,"attachmentStep":false}],"testStage":{"status":"failed","statusMessage":"Failed: terdapat error selama pengujian yaitu: Message: \nStacktrace:\nNoSuchElementError: An element could not be located on the page using the given search parameters.\n    at AndroidUiautomator2Driver.findElOrEls (/Users/kevin/.appium/node_modules/appium-uiautomator2-driver/node_modules/appium-android-driver/lib/commands/find.ts:86:11)\n    at processTicksAndRejections (node:internal/process/task_queues:95:5)\n    at AndroidUiautomator2Driver.findElOrElsWithProcessing (/usr/local/lib/node_modules/appium/node_modules/@appium/base-driver/lib/basedriver/commands/find.ts:60:12)\n    at AndroidUiautomator2Driver.findElement (/usr/local/lib/node_modules/appium/node_modules/@appium/base-driver/lib/basedriver/commands/find.ts:75:12)","statusTrace":"driver = <appium.webdriver.webdriver.WebDriver (session=\"6d3a0291-2ded-43dc-ab32-ad3e1406f112\")>\n\n    @pytest.mark.usefixtures('driver')\n    @pytest.mark.run(order=4)\n    def test_payment_tunai(driver):\n        tunai = PaymentTunai(driver)\n        try:\n            logging.info('Mulai pengujian pembayaran tunai')\n            tunai.click_menu_poskasir()\n            tunai.search_product('Kopi')\n            driver.back()\n>           tunai.button_add_product()\n\nsrc/tests/test_poskasir.py:18: \n_ _ _ _ _ _ _ _ _ _ _ _ _ _ _ _ _ _ _ _ _ _ _ _ _ _ _ _ _ _ _ _ _ _ _ _ _ _ _ _ _ _ _ _ _ _ _ _ _ _ _ _ _ _ _ _ _ _ _ _ _ _ _ _ _ _ _ _ _ _ _ _ _ _ _ _ _ _ _\n\nself = <pages.poskasir_page.PaymentTunai object at 0x107ab02e0>\n\n    def button_add_product(self):\n>       add_product_poskasir = WebDriverWait(self.driver, 10).until(EC.element_to_be_clickable((AppiumBy.ANDROID_UIAUTOMATOR, 'new UiSelector().text(\"Tambah\")')))\n\nsrc/pages/poskasir_page.py:18: \n_ _ _ _ _ _ _ _ _ _ _ _ _ _ _ _ _ _ _ _ _ _ _ _ _ _ _ _ _ _ _ _ _ _ _ _ _ _ _ _ _ _ _ _ _ _ _ _ _ _ _ _ _ _ _ _ _ _ _ _ _ _ _ _ _ _ _ _ _ _ _ _ _ _ _ _ _ _ _\n\nself = <selenium.webdriver.support.wait.WebDriverWait (session=\"6d3a0291-2ded-43dc-ab32-ad3e1406f112\")>\nmethod = <function element_to_be_clickable.<locals>._predicate at 0x107aa5fc0>, message = ''\n\n    def until(self, method: Callable[[D], Union[Literal[False], T]], message: str = \"\") -> T:\n        \"\"\"Calls the method provided with the driver as an argument until the \\\n        return value does not evaluate to ``False``.\n    \n        :param method: callable(WebDriver)\n        :param message: optional message for :exc:`TimeoutException`\n        :returns: the result of the last call to `method`\n        :raises: :exc:`selenium.common.exceptions.TimeoutException` if timeout occurs\n        \"\"\"\n        screen = None\n        stacktrace = None\n    \n        end_time = time.monotonic() + self._timeout\n        while True:\n            try:\n                value = method(self._driver)\n                if value:\n                    return value\n            except self._ignored_exceptions as exc:\n                screen = getattr(exc, \"screen\", None)\n                stacktrace = getattr(exc, \"stacktrace\", None)\n            time.sleep(self._poll)\n            if time.monotonic() > end_time:\n                break\n>       raise TimeoutException(message, screen, stacktrace)\nE       selenium.common.exceptions.TimeoutException: Message: \nE       Stacktrace:\nE       NoSuchElementError: An element could not be located on the page using the given search parameters.\nE           at AndroidUiautomator2Driver.findElOrEls (/Users/kevin/.appium/node_modules/appium-uiautomator2-driver/node_modules/appium-android-driver/lib/commands/find.ts:86:11)\nE           at processTicksAndRejections (node:internal/process/task_queues:95:5)\nE           at AndroidUiautomator2Driver.findElOrElsWithProcessing (/usr/local/lib/node_modules/appium/node_modules/@appium/base-driver/lib/basedriver/commands/find.ts:60:12)\nE           at AndroidUiautomator2Driver.findElement (/usr/local/lib/node_modules/appium/node_modules/@appium/base-driver/lib/basedriver/commands/find.ts:75:12)\n\nvenv/lib/python3.10/site-packages/selenium/webdriver/support/wait.py:105: TimeoutException\n\nDuring handling of the above exception, another exception occurred:\n\ndriver = <appium.webdriver.webdriver.WebDriver (session=\"6d3a0291-2ded-43dc-ab32-ad3e1406f112\")>\n\n    @pytest.mark.usefixtures('driver')\n    @pytest.mark.run(order=4)\n    def test_payment_tunai(driver):\n        tunai = PaymentTunai(driver)\n        try:\n            logging.info('Mulai pengujian pembayaran tunai')\n            tunai.click_menu_poskasir()\n            tunai.search_product('Kopi')\n            driver.back()\n            tunai.button_add_product()\n            tunai.button_checkout_product()\n            tunai.button_add_discount()\n            tunai.add_nominal_discount('500')\n            tunai.button_confirm_discount()\n            tunai.button_note_product()\n            tunai.add_note_product('less sugar')\n            driver.back()\n            tunai.button_save_note()\n            tunai.click_next_checkout()\n            tunai.payment_tunai()\n            tunai.button_bayar_payment()\n            tunai.button_confirm_payment_tunai()\n            tunai.button_bayar_tunai()\n            tunai.success_page()\n            time.sleep(10)\n            tunai.reprint_struk_tunai()\n            time.sleep(10)\n            tunai.button_back()\n            logging.info(\"Pembayaran tunai berhasil\")\n        except Exception as e :\n            logging.error(f'Terdapat error selama pengujian yaitu: {e}')\n>           pytest.fail(f'terdapat error selama pengujian yaitu: {e}')\nE           Failed: terdapat error selama pengujian yaitu: Message: \nE           Stacktrace:\nE           NoSuchElementError: An element could not be located on the page using the given search parameters.\nE               at AndroidUiautomator2Driver.findElOrEls (/Users/kevin/.appium/node_modules/appium-uiautomator2-driver/node_modules/appium-android-driver/lib/commands/find.ts:86:11)\nE               at processTicksAndRejections (node:internal/process/task_queues:95:5)\nE               at AndroidUiautomator2Driver.findElOrElsWithProcessing (/usr/local/lib/node_modules/appium/node_modules/@appium/base-driver/lib/basedriver/commands/find.ts:60:12)\nE               at AndroidUiautomator2Driver.findElement (/usr/local/lib/node_modules/appium/node_modules/@appium/base-driver/lib/basedriver/commands/find.ts:75:12)\n\nsrc/tests/test_poskasir.py:40: Failed","steps":[],"attachments":[{"uid":"ed45203daa12037b","name":"log","source":"ed45203daa12037b.txt","type":"text/plain","size":770}],"parameters":[],"shouldDisplayMessage":true,"stepsCount":0,"attachmentsCount":1,"hasContent":true,"attachmentStep":false},"afterStages":[{"name":"driver::0","time":{"start":1727083281088,"stop":1727083281744,"duration":656},"status":"passed","steps":[],"attachments":[],"parameters":[],"shouldDisplayMessage":false,"stepsCount":0,"attachmentsCount":0,"hasContent":false,"attachmentStep":false}],"labels":[{"name":"tag","value":"run(order=4)"},{"name":"tag","value":"@pytest.mark.usefixtures('driver')"},{"name":"parentSuite","value":"src.tests"},{"name":"suite","value":"test_poskasir"},{"name":"host","value":"macbooks-MacBook-Air.local"},{"name":"thread","value":"17668-MainThread"},{"name":"framework","value":"pytest"},{"name":"language","value":"cpython3"},{"name":"package","value":"src.tests.test_poskasir"},{"name":"resultFormat","value":"allure2"}],"parameters":[],"links":[],"hidden":true,"retry":true,"extra":{"categories":[],"tags":["run(order=4)","@pytest.mark.usefixtures('driver')"]},"source":"5daf3024051f705e.json","parameterValues":[]}