{"uid":"684425af9b24b146","name":"test_payment_tunai","fullName":"src.tests.test_poskasir#test_payment_tunai","historyId":"62f31bbcba6e1c3e17385fb6e7c7faf9","time":{"start":1727169952354,"stop":1727169994701,"duration":42347},"status":"passed","flaky":false,"newFailed":false,"newBroken":false,"newPassed":false,"retriesCount":19,"retriesStatusChange":true,"beforeStages":[{"name":"driver","time":{"start":1727169918268,"stop":1727169933830,"duration":15562},"status":"passed","steps":[],"attachments":[],"parameters":[],"shouldDisplayMessage":false,"stepsCount":0,"attachmentsCount":0,"hasContent":false,"attachmentStep":false}],"afterStages":[{"name":"driver::0","time":{"start":1727170056555,"stop":1727170057334,"duration":779},"status":"passed","steps":[],"attachments":[],"parameters":[],"shouldDisplayMessage":false,"stepsCount":0,"attachmentsCount":0,"hasContent":false,"attachmentStep":false}],"labels":[{"name":"tag","value":"run(order=4)"},{"name":"tag","value":"@pytest.mark.usefixtures('driver')"},{"name":"parentSuite","value":"src.tests"},{"name":"suite","value":"test_poskasir"},{"name":"host","value":"macbooks-MacBook-Air.local"},{"name":"thread","value":"27104-MainThread"},{"name":"framework","value":"pytest"},{"name":"language","value":"cpython3"},{"name":"package","value":"src.tests.test_poskasir"},{"name":"resultFormat","value":"allure2"}],"parameters":[],"links":[],"hidden":false,"retry":false,"extra":{"severity":"normal","retries":[{"uid":"fe95d2efac640649","status":"failed","statusDetails":"Failed: terdapat error selama pengujian yaitu: Message: An unknown server-side error occurred while processing the command. Original error: 'POST /element' cannot be proxied to UiAutomator2 server because the instrumentation process is not running (probably crashed). Check the server log and/or the logcat output for more details\nStacktrace:\nUnknownError: An unknown server-side error occurred while processing the command. Original error: 'POST /element' cannot be proxied to UiAutomator2 server because the instrumentation process is not running (probably crashed). Check the server log and/or the logcat output for more details\n    at UIA2Proxy.command (/usr/local/lib/node_modules/appium/node_modules/@appium/base-driver/lib/jsonwp-proxy/proxy.js:350:13)\n    at processTicksAndRejections (node:internal/process/task_queues:95:5)\n    at AndroidUiautomator2Driver.doFindElementOrEls (/Users/kevin/.appium/node_modules/appium-uiautomator2-driver/lib/commands/find.js:40:5)\n    at doFind (/Users/kevin/.appium/node_modules/appium-uiautomator2-driver/node_modules/appium-android-driver/lib/commands/find.ts:47:17)\n    at wrappedCondFn (/usr/local/lib/node_modules/appium/node_modules/@appium/base-driver/lib/basedriver/commands/timeout.ts:137:14)\n    at spin (/usr/local/lib/node_modules/appium/node_modules/asyncbox/lib/asyncbox.js:219:20)\n    at waitForCondition (/usr/local/lib/node_modules/appium/node_modules/asyncbox/lib/asyncbox.js:236:10)\n    at AndroidUiautomator2Driver.implicitWaitForCondition (/usr/local/lib/node_modules/appium/node_modules/@appium/base-driver/lib/basedriver/commands/timeout.ts:139:12)\n    at AndroidUiautomator2Driver.findElOrEls (/Users/kevin/.appium/node_modules/appium-uiautomator2-driver/node_modules/appium-android-driver/lib/commands/find.ts:70:5)\n    at AndroidUiautomator2Driver.findElOrElsWithProcessing (/usr/local/lib/node_modules/appium/node_modules/@appium/base-driver/lib/basedriver/commands/find.ts:60:12)\n    at AndroidUiautomator2Driver.findElement (/usr/local/lib/node_modules/appium/node_modules/@appium/base-driver/lib/basedriver/commands/find.ts:75:12)","time":{"start":1727169509261,"stop":1727169540409,"duration":31148}},{"uid":"99a412f9cad3909c","status":"failed","statusDetails":"Failed: terdapat error selama pengujian yaitu: Message: An unknown server-side error occurred while processing the command. Original error: 'POST /element' cannot be proxied to UiAutomator2 server because the instrumentation process is not running (probably crashed). Check the server log and/or the logcat output for more details\nStacktrace:\nUnknownError: An unknown server-side error occurred while processing the command. Original error: 'POST /element' cannot be proxied to UiAutomator2 server because the instrumentation process is not running (probably crashed). Check the server log and/or the logcat output for more details\n    at UIA2Proxy.command (/usr/local/lib/node_modules/appium/node_modules/@appium/base-driver/lib/jsonwp-proxy/proxy.js:350:13)\n    at processTicksAndRejections (node:internal/process/task_queues:95:5)\n    at AndroidUiautomator2Driver.doFindElementOrEls (/Users/kevin/.appium/node_modules/appium-uiautomator2-driver/lib/commands/find.js:40:5)\n    at doFind (/Users/kevin/.appium/node_modules/appium-uiautomator2-driver/node_modules/appium-android-driver/lib/commands/find.ts:47:17)\n    at wrappedCondFn (/usr/local/lib/node_modules/appium/node_modules/@appium/base-driver/lib/basedriver/commands/timeout.ts:137:14)\n    at spin (/usr/local/lib/node_modules/appium/node_modules/asyncbox/lib/asyncbox.js:219:20)\n    at waitForCondition (/usr/local/lib/node_modules/appium/node_modules/asyncbox/lib/asyncbox.js:236:10)\n    at AndroidUiautomator2Driver.implicitWaitForCondition (/usr/local/lib/node_modules/appium/node_modules/@appium/base-driver/lib/basedriver/commands/timeout.ts:139:12)\n    at AndroidUiautomator2Driver.findElOrEls (/Users/kevin/.appium/node_modules/appium-uiautomator2-driver/node_modules/appium-android-driver/lib/commands/find.ts:70:5)\n    at AndroidUiautomator2Driver.findElOrElsWithProcessing (/usr/local/lib/node_modules/appium/node_modules/@appium/base-driver/lib/basedriver/commands/find.ts:60:12)\n    at AndroidUiautomator2Driver.findElement (/usr/local/lib/node_modules/appium/node_modules/@appium/base-driver/lib/basedriver/commands/find.ts:75:12)","time":{"start":1727169249408,"stop":1727169290173,"duration":40765}},{"uid":"c2807888d5921968","status":"failed","statusDetails":"Failed: terdapat error selama pengujian yaitu: Message: An unknown server-side error occurred while processing the command. Original error: 'POST /element' cannot be proxied to UiAutomator2 server because the instrumentation process is not running (probably crashed). Check the server log and/or the logcat output for more details\nStacktrace:\nUnknownError: An unknown server-side error occurred while processing the command. Original error: 'POST /element' cannot be proxied to UiAutomator2 server because the instrumentation process is not running (probably crashed). Check the server log and/or the logcat output for more details\n    at UIA2Proxy.command (/usr/local/lib/node_modules/appium/node_modules/@appium/base-driver/lib/jsonwp-proxy/proxy.js:350:13)\n    at processTicksAndRejections (node:internal/process/task_queues:95:5)\n    at AndroidUiautomator2Driver.doFindElementOrEls (/Users/kevin/.appium/node_modules/appium-uiautomator2-driver/lib/commands/find.js:40:5)\n    at doFind (/Users/kevin/.appium/node_modules/appium-uiautomator2-driver/node_modules/appium-android-driver/lib/commands/find.ts:47:17)\n    at wrappedCondFn (/usr/local/lib/node_modules/appium/node_modules/@appium/base-driver/lib/basedriver/commands/timeout.ts:137:14)\n    at spin (/usr/local/lib/node_modules/appium/node_modules/asyncbox/lib/asyncbox.js:219:20)\n    at waitForCondition (/usr/local/lib/node_modules/appium/node_modules/asyncbox/lib/asyncbox.js:236:10)\n    at AndroidUiautomator2Driver.implicitWaitForCondition (/usr/local/lib/node_modules/appium/node_modules/@appium/base-driver/lib/basedriver/commands/timeout.ts:139:12)\n    at AndroidUiautomator2Driver.findElOrEls (/Users/kevin/.appium/node_modules/appium-uiautomator2-driver/node_modules/appium-android-driver/lib/commands/find.ts:70:5)\n    at AndroidUiautomator2Driver.findElOrElsWithProcessing (/usr/local/lib/node_modules/appium/node_modules/@appium/base-driver/lib/basedriver/commands/find.ts:60:12)\n    at AndroidUiautomator2Driver.findElement (/usr/local/lib/node_modules/appium/node_modules/@appium/base-driver/lib/basedriver/commands/find.ts:75:12)","time":{"start":1727169066152,"stop":1727169095955,"duration":29803}},{"uid":"ea9e435aaf923343","status":"failed","statusDetails":"Failed: terdapat error selama pengujian yaitu: Message: An unknown server-side error occurred while processing the command. Original error: 'POST /element' cannot be proxied to UiAutomator2 server because the instrumentation process is not running (probably crashed). Check the server log and/or the logcat output for more details\nStacktrace:\nUnknownError: An unknown server-side error occurred while processing the command. Original error: 'POST /element' cannot be proxied to UiAutomator2 server because the instrumentation process is not running (probably crashed). Check the server log and/or the logcat output for more details\n    at UIA2Proxy.command (/usr/local/lib/node_modules/appium/node_modules/@appium/base-driver/lib/jsonwp-proxy/proxy.js:350:13)\n    at processTicksAndRejections (node:internal/process/task_queues:95:5)\n    at AndroidUiautomator2Driver.doFindElementOrEls (/Users/kevin/.appium/node_modules/appium-uiautomator2-driver/lib/commands/find.js:40:5)\n    at doFind (/Users/kevin/.appium/node_modules/appium-uiautomator2-driver/node_modules/appium-android-driver/lib/commands/find.ts:47:17)\n    at wrappedCondFn (/usr/local/lib/node_modules/appium/node_modules/@appium/base-driver/lib/basedriver/commands/timeout.ts:137:14)\n    at spin (/usr/local/lib/node_modules/appium/node_modules/asyncbox/lib/asyncbox.js:219:20)\n    at waitForCondition (/usr/local/lib/node_modules/appium/node_modules/asyncbox/lib/asyncbox.js:236:10)\n    at AndroidUiautomator2Driver.implicitWaitForCondition (/usr/local/lib/node_modules/appium/node_modules/@appium/base-driver/lib/basedriver/commands/timeout.ts:139:12)\n    at AndroidUiautomator2Driver.findElOrEls (/Users/kevin/.appium/node_modules/appium-uiautomator2-driver/node_modules/appium-android-driver/lib/commands/find.ts:70:5)\n    at AndroidUiautomator2Driver.findElOrElsWithProcessing (/usr/local/lib/node_modules/appium/node_modules/@appium/base-driver/lib/basedriver/commands/find.ts:60:12)\n    at AndroidUiautomator2Driver.findElement (/usr/local/lib/node_modules/appium/node_modules/@appium/base-driver/lib/basedriver/commands/find.ts:75:12)","time":{"start":1727168024021,"stop":1727168055222,"duration":31201}},{"uid":"e80cebe0ee94a6f2","status":"passed","time":{"start":1727167821177,"stop":1727167862825,"duration":41648}},{"uid":"a126c88739c3fd40","status":"passed","time":{"start":1727167043530,"stop":1727167085238,"duration":41708}},{"uid":"366ff5056d1d1214","status":"failed","statusDetails":"Failed: terdapat error selama pengujian yaitu: Message: An unknown server-side error occurred while processing the command. Original error: 'POST /element' cannot be proxied to UiAutomator2 server because the instrumentation process is not running (probably crashed). Check the server log and/or the logcat output for more details\nStacktrace:\nUnknownError: An unknown server-side error occurred while processing the command. Original error: 'POST /element' cannot be proxied to UiAutomator2 server because the instrumentation process is not running (probably crashed). Check the server log and/or the logcat output for more details\n    at UIA2Proxy.command (/usr/local/lib/node_modules/appium/node_modules/@appium/base-driver/lib/jsonwp-proxy/proxy.js:350:13)\n    at processTicksAndRejections (node:internal/process/task_queues:95:5)\n    at AndroidUiautomator2Driver.doFindElementOrEls (/Users/kevin/.appium/node_modules/appium-uiautomator2-driver/lib/commands/find.js:40:5)\n    at doFind (/Users/kevin/.appium/node_modules/appium-uiautomator2-driver/node_modules/appium-android-driver/lib/commands/find.ts:47:17)\n    at wrappedCondFn (/usr/local/lib/node_modules/appium/node_modules/@appium/base-driver/lib/basedriver/commands/timeout.ts:137:14)\n    at spin (/usr/local/lib/node_modules/appium/node_modules/asyncbox/lib/asyncbox.js:219:20)\n    at waitForCondition (/usr/local/lib/node_modules/appium/node_modules/asyncbox/lib/asyncbox.js:236:10)\n    at AndroidUiautomator2Driver.implicitWaitForCondition (/usr/local/lib/node_modules/appium/node_modules/@appium/base-driver/lib/basedriver/commands/timeout.ts:139:12)\n    at AndroidUiautomator2Driver.findElOrEls (/Users/kevin/.appium/node_modules/appium-uiautomator2-driver/node_modules/appium-android-driver/lib/commands/find.ts:70:5)\n    at AndroidUiautomator2Driver.findElOrElsWithProcessing (/usr/local/lib/node_modules/appium/node_modules/@appium/base-driver/lib/basedriver/commands/find.ts:60:12)\n    at AndroidUiautomator2Driver.findElement (/usr/local/lib/node_modules/appium/node_modules/@appium/base-driver/lib/basedriver/commands/find.ts:75:12)","time":{"start":1727166354935,"stop":1727166385486,"duration":30551}},{"uid":"84e057e819c4d155","status":"broken","statusDetails":"selenium.common.exceptions.WebDriverException: Message: An unknown server-side error occurred while processing the command. Original error: Error getting device API level. Original error: Error executing adbExec. Original error: 'Command '/Users/kevin/Library/Android/sdk/platform-tools/adb -P 5037 -s 1902390100180748 shell getprop ro.build.version.sdk' exited with code 1'; Command output: adb: device '1902390100180748' not found\n\nStacktrace:\nUnknownError: An unknown server-side error occurred while processing the command. Original error: Error getting device API level. Original error: Error executing adbExec. Original error: 'Command '/Users/kevin/Library/Android/sdk/platform-tools/adb -P 5037 -s 1902390100180748 shell getprop ro.build.version.sdk' exited with code 1'; Command output: adb: device '1902390100180748' not found\n\n    at getResponseForW3CError (/usr/local/lib/node_modules/appium/node_modules/@appium/base-driver/lib/protocol/errors.js:1145:9)\n    at asyncHandler (/usr/local/lib/node_modules/appium/node_modules/@appium/base-driver/lib/protocol/protocol.js:485:57)","time":{"start":1727166239307,"stop":1727166239307,"duration":0}},{"uid":"1f5c7f283618af9f","status":"passed","time":{"start":1727165453099,"stop":1727165495747,"duration":42648}},{"uid":"39c67d77bc79eaf2","status":"passed","time":{"start":1727164897524,"stop":1727164939422,"duration":41898}},{"uid":"2510aaa01895f162","status":"passed","time":{"start":1727164713112,"stop":1727164756919,"duration":43807}},{"uid":"bf977966434e1f7","status":"broken","statusDetails":"urllib3.exceptions.MaxRetryError: HTTPConnectionPool(host='localhost', port=4723): Max retries exceeded with url: /session (Caused by NewConnectionError('<urllib3.connection.HTTPConnection object at 0x110161f00>: Failed to establish a new connection: [Errno 61] Connection refused'))","time":{"start":1727164629997,"stop":1727164629997,"duration":0}},{"uid":"cdcae005d7d7c9d1","status":"passed","time":{"start":1727083463789,"stop":1727083508672,"duration":44883}},{"uid":"291f7022c4eb2df1","status":"failed","statusDetails":"Failed: terdapat error selama pengujian yaitu: Message: \nStacktrace:\nNoSuchElementError: An element could not be located on the page using the given search parameters.\n    at AndroidUiautomator2Driver.findElOrEls (/Users/kevin/.appium/node_modules/appium-uiautomator2-driver/node_modules/appium-android-driver/lib/commands/find.ts:86:11)\n    at processTicksAndRejections (node:internal/process/task_queues:95:5)\n    at AndroidUiautomator2Driver.findElOrElsWithProcessing (/usr/local/lib/node_modules/appium/node_modules/@appium/base-driver/lib/basedriver/commands/find.ts:60:12)\n    at AndroidUiautomator2Driver.findElement (/usr/local/lib/node_modules/appium/node_modules/@appium/base-driver/lib/basedriver/commands/find.ts:75:12)","time":{"start":1727083368470,"stop":1727083392789,"duration":24319}},{"uid":"5daf3024051f705e","status":"failed","statusDetails":"Failed: terdapat error selama pengujian yaitu: Message: \nStacktrace:\nNoSuchElementError: An element could not be located on the page using the given search parameters.\n    at AndroidUiautomator2Driver.findElOrEls (/Users/kevin/.appium/node_modules/appium-uiautomator2-driver/node_modules/appium-android-driver/lib/commands/find.ts:86:11)\n    at processTicksAndRejections (node:internal/process/task_queues:95:5)\n    at AndroidUiautomator2Driver.findElOrElsWithProcessing (/usr/local/lib/node_modules/appium/node_modules/@appium/base-driver/lib/basedriver/commands/find.ts:60:12)\n    at AndroidUiautomator2Driver.findElement (/usr/local/lib/node_modules/appium/node_modules/@appium/base-driver/lib/basedriver/commands/find.ts:75:12)","time":{"start":1727083264542,"stop":1727083280945,"duration":16403}},{"uid":"853ad41008640d90","status":"broken","statusDetails":"selenium.common.exceptions.WebDriverException: Message: An unknown server-side error occurred while processing the command. Original error: The application at '/Users/kevin/automated-testing/Apps2pay/MINT/MINT_Loket/src/app/LOKET MINT_1.24.06.02_Production.apk' does not exist or is not accessible\nStacktrace:\nUnknownError: An unknown server-side error occurred while processing the command. Original error: The application at '/Users/kevin/automated-testing/Apps2pay/MINT/MINT_Loket/src/app/LOKET MINT_1.24.06.02_Production.apk' does not exist or is not accessible\n    at getResponseForW3CError (/usr/local/lib/node_modules/appium/node_modules/@appium/base-driver/lib/protocol/errors.js:1145:9)\n    at asyncHandler (/usr/local/lib/node_modules/appium/node_modules/@appium/base-driver/lib/protocol/protocol.js:485:57)","time":{"start":1727082960043,"stop":1727082960043,"duration":0}},{"uid":"333db3b07cc11512","status":"broken","statusDetails":"selenium.common.exceptions.WebDriverException: Message: An unknown server-side error occurred while processing the command. Original error: The application at '/Users/kevin/automated-testing/Apps2pay/MINT/MINT_Loket/src/app/LOKET MINT_1.24.06.02_Production.apk' does not exist or is not accessible\nStacktrace:\nUnknownError: An unknown server-side error occurred while processing the command. Original error: The application at '/Users/kevin/automated-testing/Apps2pay/MINT/MINT_Loket/src/app/LOKET MINT_1.24.06.02_Production.apk' does not exist or is not accessible\n    at getResponseForW3CError (/usr/local/lib/node_modules/appium/node_modules/@appium/base-driver/lib/protocol/errors.js:1145:9)\n    at asyncHandler (/usr/local/lib/node_modules/appium/node_modules/@appium/base-driver/lib/protocol/protocol.js:485:57)","time":{"start":1727082900798,"stop":1727082900798,"duration":0}},{"uid":"e207802775f5f532","status":"broken","statusDetails":"selenium.common.exceptions.WebDriverException: Message: An unknown server-side error occurred while processing the command. Original error: The application at '/Users/kevin/automated-testing/Apps2pay/MINT/MINT_Loket/src/app/LOKET MINT_1.24.06.02_Production.apk' does not exist or is not accessible\nStacktrace:\nUnknownError: An unknown server-side error occurred while processing the command. Original error: The application at '/Users/kevin/automated-testing/Apps2pay/MINT/MINT_Loket/src/app/LOKET MINT_1.24.06.02_Production.apk' does not exist or is not accessible\n    at getResponseForW3CError (/usr/local/lib/node_modules/appium/node_modules/@appium/base-driver/lib/protocol/errors.js:1145:9)\n    at asyncHandler (/usr/local/lib/node_modules/appium/node_modules/@appium/base-driver/lib/protocol/protocol.js:485:57)","time":{"start":1727082854042,"stop":1727082854043,"duration":1}},{"uid":"7014ce5e24601d7d","status":"broken","statusDetails":"selenium.common.exceptions.WebDriverException: Message: An unknown server-side error occurred while processing the command. Original error: The application at '/Users/kevin/automated-testing/Apps2pay/MINT/MINT_Loket/src/app/LOKET MINT_1.24.06.02_Production.apk' does not exist or is not accessible\nStacktrace:\nUnknownError: An unknown server-side error occurred while processing the command. Original error: The application at '/Users/kevin/automated-testing/Apps2pay/MINT/MINT_Loket/src/app/LOKET MINT_1.24.06.02_Production.apk' does not exist or is not accessible\n    at getResponseForW3CError (/usr/local/lib/node_modules/appium/node_modules/@appium/base-driver/lib/protocol/errors.js:1145:9)\n    at asyncHandler (/usr/local/lib/node_modules/appium/node_modules/@appium/base-driver/lib/protocol/protocol.js:485:57)","time":{"start":1727082751154,"stop":1727082751154,"duration":0}}],"categories":[],"tags":["run(order=4)","@pytest.mark.usefixtures('driver')"]},"source":"684425af9b24b146.json","parameterValues":[]}