{"uid":"f0a8835acdf1ae67","name":"test_payment_debit","fullName":"src.tests.test_poskasir#test_payment_debit","historyId":"1c5c2d00933f91afa77a761bced1741a","time":{"start":1727167862830,"stop":1727167914704,"duration":51874},"status":"failed","statusMessage":"Failed: terdapat error selama pengujian yaitu: Message: \nStacktrace:\nNoSuchElementError: An element could not be located on the page using the given search parameters.\n    at AndroidUiautomator2Driver.findElOrEls (/Users/kevin/.appium/node_modules/appium-uiautomator2-driver/node_modules/appium-android-driver/lib/commands/find.ts:86:11)\n    at processTicksAndRejections (node:internal/process/task_queues:95:5)\n    at AndroidUiautomator2Driver.findElOrElsWithProcessing (/usr/local/lib/node_modules/appium/node_modules/@appium/base-driver/lib/basedriver/commands/find.ts:60:12)\n    at AndroidUiautomator2Driver.findElement (/usr/local/lib/node_modules/appium/node_modules/@appium/base-driver/lib/basedriver/commands/find.ts:75:12)","statusTrace":"driver = <appium.webdriver.webdriver.WebDriver (session=\"0ad1ac6a-ac9b-4983-80df-f3d46140309a\")>\n\n    def test_payment_debit(driver):\n        debit = PaymentDebit(driver)\n        try:\n            logging.info('Mulai pengujian pembayaran debit')\n            debit.search_product('Kopi')\n            debit.button_add_product()\n            debit.button_checkout_product()\n            debit.click_next_checkout()\n            debit.payment_debit()\n            debit.button_bayar_payment()\n            debit.button_confirm_payment_debit()\n            debit.insert_card_page()\n            time.sleep(15)\n            debit.confirm_payment_debit()\n            time.sleep(15)\n>           debit.input_PIN_debit()\n\nsrc/tests/test_poskasir.py:56: \n_ _ _ _ _ _ _ _ _ _ _ _ _ _ _ _ _ _ _ _ _ _ _ _ _ _ _ _ _ _ _ _ _ _ _ _ _ _ _ _ _ _ _ _ _ _ _ _ _ _ _ _ _ _ _ _ _ _ _ _ _ _ _ _ _ _ _ _ _ _ _ _ _ _ _ _ _ _ _\n\nself = <pages.poskasir_page.PaymentDebit object at 0x10b513880>\n\n    def input_PIN_debit(self):\n>       WebDriverWait(self.driver, 10).until(EC.presence_of_element_located((AppiumBy.ID, 'com.whty.tysecuritypin:id/keyboard_view')))\n\nsrc/pages/poskasir_page.py:106: \n_ _ _ _ _ _ _ _ _ _ _ _ _ _ _ _ _ _ _ _ _ _ _ _ _ _ _ _ _ _ _ _ _ _ _ _ _ _ _ _ _ _ _ _ _ _ _ _ _ _ _ _ _ _ _ _ _ _ _ _ _ _ _ _ _ _ _ _ _ _ _ _ _ _ _ _ _ _ _\n\nself = <selenium.webdriver.support.wait.WebDriverWait (session=\"0ad1ac6a-ac9b-4983-80df-f3d46140309a\")>\nmethod = <function presence_of_element_located.<locals>._predicate at 0x10b4f6830>, message = ''\n\n    def until(self, method: Callable[[D], Union[Literal[False], T]], message: str = \"\") -> T:\n        \"\"\"Calls the method provided with the driver as an argument until the \\\n        return value does not evaluate to ``False``.\n    \n        :param method: callable(WebDriver)\n        :param message: optional message for :exc:`TimeoutException`\n        :returns: the result of the last call to `method`\n        :raises: :exc:`selenium.common.exceptions.TimeoutException` if timeout occurs\n        \"\"\"\n        screen = None\n        stacktrace = None\n    \n        end_time = time.monotonic() + self._timeout\n        while True:\n            try:\n                value = method(self._driver)\n                if value:\n                    return value\n            except self._ignored_exceptions as exc:\n                screen = getattr(exc, \"screen\", None)\n                stacktrace = getattr(exc, \"stacktrace\", None)\n            time.sleep(self._poll)\n            if time.monotonic() > end_time:\n                break\n>       raise TimeoutException(message, screen, stacktrace)\nE       selenium.common.exceptions.TimeoutException: Message: \nE       Stacktrace:\nE       NoSuchElementError: An element could not be located on the page using the given search parameters.\nE           at AndroidUiautomator2Driver.findElOrEls (/Users/kevin/.appium/node_modules/appium-uiautomator2-driver/node_modules/appium-android-driver/lib/commands/find.ts:86:11)\nE           at processTicksAndRejections (node:internal/process/task_queues:95:5)\nE           at AndroidUiautomator2Driver.findElOrElsWithProcessing (/usr/local/lib/node_modules/appium/node_modules/@appium/base-driver/lib/basedriver/commands/find.ts:60:12)\nE           at AndroidUiautomator2Driver.findElement (/usr/local/lib/node_modules/appium/node_modules/@appium/base-driver/lib/basedriver/commands/find.ts:75:12)\n\nvenv/lib/python3.10/site-packages/selenium/webdriver/support/wait.py:105: TimeoutException\n\nDuring handling of the above exception, another exception occurred:\n\ndriver = <appium.webdriver.webdriver.WebDriver (session=\"0ad1ac6a-ac9b-4983-80df-f3d46140309a\")>\n\n    def test_payment_debit(driver):\n        debit = PaymentDebit(driver)\n        try:\n            logging.info('Mulai pengujian pembayaran debit')\n            debit.search_product('Kopi')\n            debit.button_add_product()\n            debit.button_checkout_product()\n            debit.click_next_checkout()\n            debit.payment_debit()\n            debit.button_bayar_payment()\n            debit.button_confirm_payment_debit()\n            debit.insert_card_page()\n            time.sleep(15)\n            debit.confirm_payment_debit()\n            time.sleep(15)\n            debit.input_PIN_debit()\n            time.sleep(15)\n            debit.success_page()\n            time.sleep(10)\n            debit.reprint_struk()\n            time.sleep(10)\n            debit.button_back()\n            logging.info(\"Pembayaran debit berhasil\")\n        except Exception as e :\n            logging.error(f'Terdapat error selama pengujian yaitu: {e}')\n>           pytest.fail(f'terdapat error selama pengujian yaitu: {e}')\nE           Failed: terdapat error selama pengujian yaitu: Message: \nE           Stacktrace:\nE           NoSuchElementError: An element could not be located on the page using the given search parameters.\nE               at AndroidUiautomator2Driver.findElOrEls (/Users/kevin/.appium/node_modules/appium-uiautomator2-driver/node_modules/appium-android-driver/lib/commands/find.ts:86:11)\nE               at processTicksAndRejections (node:internal/process/task_queues:95:5)\nE               at AndroidUiautomator2Driver.findElOrElsWithProcessing (/usr/local/lib/node_modules/appium/node_modules/@appium/base-driver/lib/basedriver/commands/find.ts:60:12)\nE               at AndroidUiautomator2Driver.findElement (/usr/local/lib/node_modules/appium/node_modules/@appium/base-driver/lib/basedriver/commands/find.ts:75:12)\n\nsrc/tests/test_poskasir.py:66: Failed","flaky":false,"newFailed":false,"newBroken":false,"newPassed":false,"retriesCount":0,"retriesStatusChange":false,"beforeStages":[{"name":"driver","time":{"start":1727167789075,"stop":1727167801561,"duration":12486},"status":"passed","steps":[],"attachments":[],"parameters":[],"shouldDisplayMessage":false,"stepsCount":0,"attachmentsCount":0,"hasContent":false,"attachmentStep":false}],"testStage":{"status":"failed","statusMessage":"Failed: terdapat error selama pengujian yaitu: Message: \nStacktrace:\nNoSuchElementError: An element could not be located on the page using the given search parameters.\n    at AndroidUiautomator2Driver.findElOrEls (/Users/kevin/.appium/node_modules/appium-uiautomator2-driver/node_modules/appium-android-driver/lib/commands/find.ts:86:11)\n    at processTicksAndRejections (node:internal/process/task_queues:95:5)\n    at AndroidUiautomator2Driver.findElOrElsWithProcessing (/usr/local/lib/node_modules/appium/node_modules/@appium/base-driver/lib/basedriver/commands/find.ts:60:12)\n    at AndroidUiautomator2Driver.findElement (/usr/local/lib/node_modules/appium/node_modules/@appium/base-driver/lib/basedriver/commands/find.ts:75:12)","statusTrace":"driver = <appium.webdriver.webdriver.WebDriver (session=\"0ad1ac6a-ac9b-4983-80df-f3d46140309a\")>\n\n    def test_payment_debit(driver):\n        debit = PaymentDebit(driver)\n        try:\n            logging.info('Mulai pengujian pembayaran debit')\n            debit.search_product('Kopi')\n            debit.button_add_product()\n            debit.button_checkout_product()\n            debit.click_next_checkout()\n            debit.payment_debit()\n            debit.button_bayar_payment()\n            debit.button_confirm_payment_debit()\n            debit.insert_card_page()\n            time.sleep(15)\n            debit.confirm_payment_debit()\n            time.sleep(15)\n>           debit.input_PIN_debit()\n\nsrc/tests/test_poskasir.py:56: \n_ _ _ _ _ _ _ _ _ _ _ _ _ _ _ _ _ _ _ _ _ _ _ _ _ _ _ _ _ _ _ _ _ _ _ _ _ _ _ _ _ _ _ _ _ _ _ _ _ _ _ _ _ _ _ _ _ _ _ _ _ _ _ _ _ _ _ _ _ _ _ _ _ _ _ _ _ _ _\n\nself = <pages.poskasir_page.PaymentDebit object at 0x10b513880>\n\n    def input_PIN_debit(self):\n>       WebDriverWait(self.driver, 10).until(EC.presence_of_element_located((AppiumBy.ID, 'com.whty.tysecuritypin:id/keyboard_view')))\n\nsrc/pages/poskasir_page.py:106: \n_ _ _ _ _ _ _ _ _ _ _ _ _ _ _ _ _ _ _ _ _ _ _ _ _ _ _ _ _ _ _ _ _ _ _ _ _ _ _ _ _ _ _ _ _ _ _ _ _ _ _ _ _ _ _ _ _ _ _ _ _ _ _ _ _ _ _ _ _ _ _ _ _ _ _ _ _ _ _\n\nself = <selenium.webdriver.support.wait.WebDriverWait (session=\"0ad1ac6a-ac9b-4983-80df-f3d46140309a\")>\nmethod = <function presence_of_element_located.<locals>._predicate at 0x10b4f6830>, message = ''\n\n    def until(self, method: Callable[[D], Union[Literal[False], T]], message: str = \"\") -> T:\n        \"\"\"Calls the method provided with the driver as an argument until the \\\n        return value does not evaluate to ``False``.\n    \n        :param method: callable(WebDriver)\n        :param message: optional message for :exc:`TimeoutException`\n        :returns: the result of the last call to `method`\n        :raises: :exc:`selenium.common.exceptions.TimeoutException` if timeout occurs\n        \"\"\"\n        screen = None\n        stacktrace = None\n    \n        end_time = time.monotonic() + self._timeout\n        while True:\n            try:\n                value = method(self._driver)\n                if value:\n                    return value\n            except self._ignored_exceptions as exc:\n                screen = getattr(exc, \"screen\", None)\n                stacktrace = getattr(exc, \"stacktrace\", None)\n            time.sleep(self._poll)\n            if time.monotonic() > end_time:\n                break\n>       raise TimeoutException(message, screen, stacktrace)\nE       selenium.common.exceptions.TimeoutException: Message: \nE       Stacktrace:\nE       NoSuchElementError: An element could not be located on the page using the given search parameters.\nE           at AndroidUiautomator2Driver.findElOrEls (/Users/kevin/.appium/node_modules/appium-uiautomator2-driver/node_modules/appium-android-driver/lib/commands/find.ts:86:11)\nE           at processTicksAndRejections (node:internal/process/task_queues:95:5)\nE           at AndroidUiautomator2Driver.findElOrElsWithProcessing (/usr/local/lib/node_modules/appium/node_modules/@appium/base-driver/lib/basedriver/commands/find.ts:60:12)\nE           at AndroidUiautomator2Driver.findElement (/usr/local/lib/node_modules/appium/node_modules/@appium/base-driver/lib/basedriver/commands/find.ts:75:12)\n\nvenv/lib/python3.10/site-packages/selenium/webdriver/support/wait.py:105: TimeoutException\n\nDuring handling of the above exception, another exception occurred:\n\ndriver = <appium.webdriver.webdriver.WebDriver (session=\"0ad1ac6a-ac9b-4983-80df-f3d46140309a\")>\n\n    def test_payment_debit(driver):\n        debit = PaymentDebit(driver)\n        try:\n            logging.info('Mulai pengujian pembayaran debit')\n            debit.search_product('Kopi')\n            debit.button_add_product()\n            debit.button_checkout_product()\n            debit.click_next_checkout()\n            debit.payment_debit()\n            debit.button_bayar_payment()\n            debit.button_confirm_payment_debit()\n            debit.insert_card_page()\n            time.sleep(15)\n            debit.confirm_payment_debit()\n            time.sleep(15)\n            debit.input_PIN_debit()\n            time.sleep(15)\n            debit.success_page()\n            time.sleep(10)\n            debit.reprint_struk()\n            time.sleep(10)\n            debit.button_back()\n            logging.info(\"Pembayaran debit berhasil\")\n        except Exception as e :\n            logging.error(f'Terdapat error selama pengujian yaitu: {e}')\n>           pytest.fail(f'terdapat error selama pengujian yaitu: {e}')\nE           Failed: terdapat error selama pengujian yaitu: Message: \nE           Stacktrace:\nE           NoSuchElementError: An element could not be located on the page using the given search parameters.\nE               at AndroidUiautomator2Driver.findElOrEls (/Users/kevin/.appium/node_modules/appium-uiautomator2-driver/node_modules/appium-android-driver/lib/commands/find.ts:86:11)\nE               at processTicksAndRejections (node:internal/process/task_queues:95:5)\nE               at AndroidUiautomator2Driver.findElOrElsWithProcessing (/usr/local/lib/node_modules/appium/node_modules/@appium/base-driver/lib/basedriver/commands/find.ts:60:12)\nE               at AndroidUiautomator2Driver.findElement (/usr/local/lib/node_modules/appium/node_modules/@appium/base-driver/lib/basedriver/commands/find.ts:75:12)\n\nsrc/tests/test_poskasir.py:66: Failed","steps":[],"attachments":[{"uid":"d56f120d6653762","name":"log","source":"d56f120d6653762.txt","type":"text/plain","size":770}],"parameters":[],"shouldDisplayMessage":true,"stepsCount":0,"attachmentsCount":1,"hasContent":true,"attachmentStep":false},"afterStages":[{"name":"driver::0","time":{"start":1727167925659,"stop":1727167926511,"duration":852},"status":"passed","steps":[],"attachments":[],"parameters":[],"shouldDisplayMessage":false,"stepsCount":0,"attachmentsCount":0,"hasContent":false,"attachmentStep":false}],"labels":[{"name":"parentSuite","value":"src.tests"},{"name":"suite","value":"test_poskasir"},{"name":"host","value":"macbooks-MacBook-Air.local"},{"name":"thread","value":"25752-MainThread"},{"name":"framework","value":"pytest"},{"name":"language","value":"cpython3"},{"name":"package","value":"src.tests.test_poskasir"},{"name":"resultFormat","value":"allure2"}],"parameters":[],"links":[],"hidden":true,"retry":true,"extra":{"categories":[],"tags":[]},"source":"f0a8835acdf1ae67.json","parameterValues":[]}